c:\users\javim\desktop\javier\1 ua\4º cuatri\ac\practicas\losdesatarencores\faseii\debug\vc142.pdb
c:\users\javim\desktop\javier\1 ua\4º cuatri\ac\practicas\losdesatarencores\faseii\debug\vc142.idb
c:\users\javim\desktop\javier\1 ua\4º cuatri\ac\practicas\losdesatarencores\faseii\debug\regresionx86.obj
c:\users\javim\desktop\javier\1 ua\4º cuatri\ac\practicas\losdesatarencores\faseii\debug\regresioncpp.obj
c:\users\javim\desktop\javier\1 ua\4º cuatri\ac\practicas\losdesatarencores\faseii\debug\faseii.obj
c:\users\javim\desktop\javier\1 ua\4º cuatri\ac\practicas\losdesatarencores\debug\plplot.dll
c:\users\javim\desktop\javier\1 ua\4º cuatri\ac\practicas\losdesatarencores\debug\freetyped.dll
c:\users\javim\desktop\javier\1 ua\4º cuatri\ac\practicas\losdesatarencores\debug\zlibd1.dll
c:\users\javim\desktop\javier\1 ua\4º cuatri\ac\practicas\losdesatarencores\debug\bz2d.dll
c:\users\javim\desktop\javier\1 ua\4º cuatri\ac\practicas\losdesatarencores\debug\libpng16d.dll
c:\users\javim\desktop\javier\1 ua\4º cuatri\ac\practicas\losdesatarencores\debug\brotlidec.dll
c:\users\javim\desktop\javier\1 ua\4º cuatri\ac\practicas\losdesatarencores\debug\brotlicommon.dll
c:\users\javim\desktop\javier\1 ua\4º cuatri\ac\practicas\losdesatarencores\debug\csirocsa.dll
c:\users\javim\desktop\javier\1 ua\4º cuatri\ac\practicas\losdesatarencores\debug\qsastime.dll
c:\users\javim\desktop\javier\1 ua\4º cuatri\ac\practicas\losdesatarencores\debug\plplotcxx.dll
c:\users\javim\desktop\javier\1 ua\4º cuatri\ac\practicas\losdesatarencores\debug\faseii.exe
c:\users\javim\desktop\javier\1 ua\4º cuatri\ac\practicas\losdesatarencores\debug\faseii.ilk
c:\users\javim\desktop\javier\1 ua\4º cuatri\ac\practicas\losdesatarencores\debug\faseii.pdb
c:\users\javim\desktop\javier\1 ua\4º cuatri\ac\practicas\losdesatarencores\faseii\debug\faseii.tlog\cl.command.1.tlog
c:\users\javim\desktop\javier\1 ua\4º cuatri\ac\practicas\losdesatarencores\faseii\debug\faseii.tlog\cl.read.1.tlog
c:\users\javim\desktop\javier\1 ua\4º cuatri\ac\practicas\losdesatarencores\faseii\debug\faseii.tlog\cl.write.1.tlog
c:\users\javim\desktop\javier\1 ua\4º cuatri\ac\practicas\losdesatarencores\faseii\debug\faseii.tlog\faseii.write.1u.tlog
c:\users\javim\desktop\javier\1 ua\4º cuatri\ac\practicas\losdesatarencores\faseii\debug\faseii.tlog\link.command.1.tlog
c:\users\javim\desktop\javier\1 ua\4º cuatri\ac\practicas\losdesatarencores\faseii\debug\faseii.tlog\link.read.1.tlog
c:\users\javim\desktop\javier\1 ua\4º cuatri\ac\practicas\losdesatarencores\faseii\debug\faseii.tlog\link.write.1.tlog
