  pbPlots.cpp
C:\Users\Alvaro\source\repos\losdeSATArenCOREs\FaseII\pbPlots.cpp(126,31): warning C4244: 'argumento': conversión de 'double' a 'const unsigned int'; posible pérdida de datos
C:\Users\Alvaro\source\repos\losdeSATArenCOREs\FaseII\pbPlots.cpp(148,50): warning C4244: 'argumento': conversión de 'double' a 'const unsigned int'; posible pérdida de datos
C:\Users\Alvaro\source\repos\losdeSATArenCOREs\FaseII\pbPlots.cpp(190,42): warning C4244: 'argumento': conversión de 'double' a 'const unsigned int'; posible pérdida de datos
C:\Users\Alvaro\source\repos\losdeSATArenCOREs\FaseII\pbPlots.cpp(192,30): warning C4244: 'argumento': conversión de 'double' a 'const unsigned int'; posible pérdida de datos
C:\Users\Alvaro\source\repos\losdeSATArenCOREs\FaseII\pbPlots.cpp(194,39): warning C4244: 'argumento': conversión de 'double' a 'const unsigned int'; posible pérdida de datos
C:\Users\Alvaro\source\repos\losdeSATArenCOREs\FaseII\pbPlots.cpp(214,80): warning C4244: 'argumento': conversión de 'double' a 'const unsigned int'; posible pérdida de datos
C:\Users\Alvaro\source\repos\losdeSATArenCOREs\FaseII\pbPlots.cpp(220,55): warning C4244: 'argumento': conversión de 'double' a 'const unsigned int'; posible pérdida de datos
C:\Users\Alvaro\source\repos\losdeSATArenCOREs\FaseII\pbPlots.cpp(229,30): warning C4244: 'argumento': conversión de 'double' a 'const unsigned int'; posible pérdida de datos
C:\Users\Alvaro\source\repos\losdeSATArenCOREs\FaseII\pbPlots.cpp(232,44): warning C4244: 'argumento': conversión de 'double' a 'const unsigned int'; posible pérdida de datos
C:\Users\Alvaro\source\repos\losdeSATArenCOREs\FaseII\pbPlots.cpp(233,41): warning C4244: 'argumento': conversión de 'double' a 'const unsigned int'; posible pérdida de datos
C:\Users\Alvaro\source\repos\losdeSATArenCOREs\FaseII\pbPlots.cpp(246,55): warning C4244: 'argumento': conversión de 'double' a 'const unsigned int'; posible pérdida de datos
C:\Users\Alvaro\source\repos\losdeSATArenCOREs\FaseII\pbPlots.cpp(263,42): warning C4244: 'argumento': conversión de 'double' a 'const unsigned int'; posible pérdida de datos
C:\Users\Alvaro\source\repos\losdeSATArenCOREs\FaseII\pbPlots.cpp(265,30): warning C4244: 'argumento': conversión de 'double' a 'const unsigned int'; posible pérdida de datos
C:\Users\Alvaro\source\repos\losdeSATArenCOREs\FaseII\pbPlots.cpp(267,39): warning C4244: 'argumento': conversión de 'double' a 'const unsigned int'; posible pérdida de datos
C:\Users\Alvaro\source\repos\losdeSATArenCOREs\FaseII\pbPlots.cpp(287,80): warning C4244: 'argumento': conversión de 'double' a 'const unsigned int'; posible pérdida de datos
C:\Users\Alvaro\source\repos\losdeSATArenCOREs\FaseII\pbPlots.cpp(294,55): warning C4244: 'argumento': conversión de 'double' a 'const unsigned int'; posible pérdida de datos
C:\Users\Alvaro\source\repos\losdeSATArenCOREs\FaseII\pbPlots.cpp(303,30): warning C4244: 'argumento': conversión de 'double' a 'const unsigned int'; posible pérdida de datos
C:\Users\Alvaro\source\repos\losdeSATArenCOREs\FaseII\pbPlots.cpp(306,44): warning C4244: 'argumento': conversión de 'double' a 'const unsigned int'; posible pérdida de datos
C:\Users\Alvaro\source\repos\losdeSATArenCOREs\FaseII\pbPlots.cpp(307,41): warning C4244: 'argumento': conversión de 'double' a 'const unsigned int'; posible pérdida de datos
C:\Users\Alvaro\source\repos\losdeSATArenCOREs\FaseII\pbPlots.cpp(320,55): warning C4244: 'argumento': conversión de 'double' a 'const unsigned int'; posible pérdida de datos
C:\Users\Alvaro\source\repos\losdeSATArenCOREs\FaseII\pbPlots.cpp(370,35): warning C4244: 'argumento': conversión de 'double' a 'const unsigned int'; posible pérdida de datos
C:\Users\Alvaro\source\repos\losdeSATArenCOREs\FaseII\pbPlots.cpp(371,55): warning C4244: 'argumento': conversión de 'double' a 'const unsigned int'; posible pérdida de datos
C:\Users\Alvaro\source\repos\losdeSATArenCOREs\FaseII\pbPlots.cpp(372,49): warning C4244: 'argumento': conversión de 'double' a 'const unsigned int'; posible pérdida de datos
C:\Users\Alvaro\source\repos\losdeSATArenCOREs\FaseII\pbPlots.cpp(376,19): warning C4244: 'argumento': conversión de 'double' a 'const unsigned int'; posible pérdida de datos
C:\Users\Alvaro\source\repos\losdeSATArenCOREs\FaseII\pbPlots.cpp(408,33): warning C4244: 'argumento': conversión de 'double' a 'const unsigned int'; posible pérdida de datos
C:\Users\Alvaro\source\repos\losdeSATArenCOREs\FaseII\pbPlots.cpp(411,29): warning C4244: 'argumento': conversión de 'double' a 'const unsigned int'; posible pérdida de datos
C:\Users\Alvaro\source\repos\losdeSATArenCOREs\FaseII\pbPlots.cpp(419,29): warning C4244: 'argumento': conversión de 'double' a 'const unsigned int'; posible pérdida de datos
C:\Users\Alvaro\source\repos\losdeSATArenCOREs\FaseII\pbPlots.cpp(503,73): warning C4244: 'argumento': conversión de 'double' a 'const unsigned int'; posible pérdida de datos
C:\Users\Alvaro\source\repos\losdeSATArenCOREs\FaseII\pbPlots.cpp(532,65): warning C4244: 'argumento': conversión de 'double' a 'const unsigned int'; posible pérdida de datos
C:\Users\Alvaro\source\repos\losdeSATArenCOREs\FaseII\pbPlots.cpp(553,36): warning C4244: 'argumento': conversión de 'double' a 'const unsigned int'; posible pérdida de datos
C:\Users\Alvaro\source\repos\losdeSATArenCOREs\FaseII\pbPlots.cpp(554,36): warning C4244: 'argumento': conversión de 'double' a 'const unsigned int'; posible pérdida de datos
C:\Users\Alvaro\source\repos\losdeSATArenCOREs\FaseII\pbPlots.cpp(566,65): warning C4244: 'argumento': conversión de 'double' a 'const unsigned int'; posible pérdida de datos
C:\Users\Alvaro\source\repos\losdeSATArenCOREs\FaseII\pbPlots.cpp(655,32): warning C4244: 'argumento': conversión de 'double' a 'const unsigned int'; posible pérdida de datos
C:\Users\Alvaro\source\repos\losdeSATArenCOREs\FaseII\pbPlots.cpp(662,32): warning C4244: 'argumento': conversión de 'double' a 'const unsigned int'; posible pérdida de datos
C:\Users\Alvaro\source\repos\losdeSATArenCOREs\FaseII\pbPlots.cpp(722,20): warning C4244: 'argumento': conversión de 'double' a 'const unsigned int'; posible pérdida de datos
C:\Users\Alvaro\source\repos\losdeSATArenCOREs\FaseII\pbPlots.cpp(763,30): warning C4244: 'argumento': conversión de 'double' a 'const unsigned int'; posible pérdida de datos
C:\Users\Alvaro\source\repos\losdeSATArenCOREs\FaseII\pbPlots.cpp(765,45): warning C4244: 'argumento': conversión de 'double' a 'const unsigned int'; posible pérdida de datos
C:\Users\Alvaro\source\repos\losdeSATArenCOREs\FaseII\pbPlots.cpp(781,30): warning C4244: 'argumento': conversión de 'double' a 'const unsigned int'; posible pérdida de datos
C:\Users\Alvaro\source\repos\losdeSATArenCOREs\FaseII\pbPlots.cpp(783,45): warning C4244: 'argumento': conversión de 'double' a 'const unsigned int'; posible pérdida de datos
C:\Users\Alvaro\source\repos\losdeSATArenCOREs\FaseII\pbPlots.cpp(799,44): warning C4244: 'argumento': conversión de 'double' a 'const unsigned int'; posible pérdida de datos
C:\Users\Alvaro\source\repos\losdeSATArenCOREs\FaseII\pbPlots.cpp(814,22): warning C4244: 'argumento': conversión de 'double' a 'const unsigned int'; posible pérdida de datos
C:\Users\Alvaro\source\repos\losdeSATArenCOREs\FaseII\pbPlots.cpp(815,22): warning C4244: 'argumento': conversión de 'double' a 'const unsigned int'; posible pérdida de datos
C:\Users\Alvaro\source\repos\losdeSATArenCOREs\FaseII\pbPlots.cpp(860,22): warning C4244: 'argumento': conversión de 'double' a 'const unsigned int'; posible pérdida de datos
C:\Users\Alvaro\source\repos\losdeSATArenCOREs\FaseII\pbPlots.cpp(861,22): warning C4244: 'argumento': conversión de 'double' a 'const unsigned int'; posible pérdida de datos
C:\Users\Alvaro\source\repos\losdeSATArenCOREs\FaseII\pbPlots.cpp(923,44): warning C4244: 'argumento': conversión de 'double' a 'const unsigned int'; posible pérdida de datos
C:\Users\Alvaro\source\repos\losdeSATArenCOREs\FaseII\pbPlots.cpp(965,46): warning C4244: 'argumento': conversión de 'double' a 'const unsigned int'; posible pérdida de datos
C:\Users\Alvaro\source\repos\losdeSATArenCOREs\FaseII\pbPlots.cpp(1007,46): warning C4244: 'argumento': conversión de 'double' a 'const unsigned int'; posible pérdida de datos
C:\Users\Alvaro\source\repos\losdeSATArenCOREs\FaseII\pbPlots.cpp(1072,57): warning C4244: 'argumento': conversión de 'double' a 'const unsigned int'; posible pérdida de datos
C:\Users\Alvaro\source\repos\losdeSATArenCOREs\FaseII\pbPlots.cpp(1081,53): warning C4244: 'argumento': conversión de 'double' a 'const unsigned int'; posible pérdida de datos
C:\Users\Alvaro\source\repos\losdeSATArenCOREs\FaseII\pbPlots.cpp(1098,36): warning C4244: 'argumento': conversión de 'double' a 'const unsigned int'; posible pérdida de datos
C:\Users\Alvaro\source\repos\losdeSATArenCOREs\FaseII\pbPlots.cpp(1109,57): warning C4244: 'argumento': conversión de 'double' a 'const unsigned int'; posible pérdida de datos
C:\Users\Alvaro\source\repos\losdeSATArenCOREs\FaseII\pbPlots.cpp(1168,68): warning C4244: 'argumento': conversión de 'double' a 'const unsigned int'; posible pérdida de datos
C:\Users\Alvaro\source\repos\losdeSATArenCOREs\FaseII\pbPlots.cpp(1169,68): warning C4244: 'argumento': conversión de 'double' a 'const unsigned int'; posible pérdida de datos
C:\Users\Alvaro\source\repos\losdeSATArenCOREs\FaseII\pbPlots.cpp(1200,32): warning C4244: 'argumento': conversión de 'double' a 'const unsigned int'; posible pérdida de datos
C:\Users\Alvaro\source\repos\losdeSATArenCOREs\FaseII\pbPlots.cpp(1215,20): warning C4244: 'argumento': conversión de 'double' a 'const unsigned int'; posible pérdida de datos
C:\Users\Alvaro\source\repos\losdeSATArenCOREs\FaseII\pbPlots.cpp(1228,37): warning C4244: 'argumento': conversión de 'double' a 'const unsigned int'; posible pérdida de datos
C:\Users\Alvaro\source\repos\losdeSATArenCOREs\FaseII\pbPlots.cpp(1231,24): warning C4244: 'argumento': conversión de 'double' a 'const unsigned int'; posible pérdida de datos
C:\Users\Alvaro\source\repos\losdeSATArenCOREs\FaseII\pbPlots.cpp(1238,35): warning C4244: 'argumento': conversión de 'double' a 'const unsigned int'; posible pérdida de datos
C:\Users\Alvaro\source\repos\losdeSATArenCOREs\FaseII\pbPlots.cpp(1258,42): warning C4244: 'argumento': conversión de 'double' a 'const unsigned int'; posible pérdida de datos
C:\Users\Alvaro\source\repos\losdeSATArenCOREs\FaseII\pbPlots.cpp(1260,25): warning C4244: 'argumento': conversión de 'double' a 'const unsigned int'; posible pérdida de datos
C:\Users\Alvaro\source\repos\losdeSATArenCOREs\FaseII\pbPlots.cpp(1293,33): warning C4244: 'argumento': conversión de 'double' a 'const unsigned int'; posible pérdida de datos
C:\Users\Alvaro\source\repos\losdeSATArenCOREs\FaseII\pbPlots.cpp(1295,50): warning C4244: 'argumento': conversión de 'double' a 'const unsigned int'; posible pérdida de datos
C:\Users\Alvaro\source\repos\losdeSATArenCOREs\FaseII\pbPlots.cpp(1315,39): warning C4244: 'argumento': conversión de 'double' a 'const unsigned int'; posible pérdida de datos
C:\Users\Alvaro\source\repos\losdeSATArenCOREs\FaseII\pbPlots.cpp(1343,42): warning C4244: 'argumento': conversión de 'double' a 'const unsigned int'; posible pérdida de datos
C:\Users\Alvaro\source\repos\losdeSATArenCOREs\FaseII\pbPlots.cpp(1335,20): warning C4101: 'height': variable local sin referencia
C:\Users\Alvaro\source\repos\losdeSATArenCOREs\FaseII\pbPlots.cpp(1335,13): warning C4101: 'width': variable local sin referencia
C:\Users\Alvaro\source\repos\losdeSATArenCOREs\FaseII\pbPlots.cpp(1395,38): warning C4244: 'argumento': conversión de 'double' a 'const unsigned int'; posible pérdida de datos
C:\Users\Alvaro\source\repos\losdeSATArenCOREs\FaseII\pbPlots.cpp(1405,38): warning C4244: 'argumento': conversión de 'double' a 'const unsigned int'; posible pérdida de datos
C:\Users\Alvaro\source\repos\losdeSATArenCOREs\FaseII\pbPlots.cpp(1465,28): warning C4244: 'argumento': conversión de 'double' a 'const unsigned int'; posible pérdida de datos
C:\Users\Alvaro\source\repos\losdeSATArenCOREs\FaseII\pbPlots.cpp(1471,28): warning C4244: 'argumento': conversión de 'double' a 'const unsigned int'; posible pérdida de datos
C:\Users\Alvaro\source\repos\losdeSATArenCOREs\FaseII\pbPlots.cpp(1494,36): warning C4244: 'argumento': conversión de 'double' a 'const unsigned int'; posible pérdida de datos
C:\Users\Alvaro\source\repos\losdeSATArenCOREs\FaseII\pbPlots.cpp(1500,36): warning C4244: 'argumento': conversión de 'double' a 'const unsigned int'; posible pérdida de datos
C:\Users\Alvaro\source\repos\losdeSATArenCOREs\FaseII\pbPlots.cpp(1519,65): warning C4244: 'argumento': conversión de 'double' a 'const unsigned int'; posible pérdida de datos
C:\Users\Alvaro\source\repos\losdeSATArenCOREs\FaseII\pbPlots.cpp(1547,28): warning C4244: 'argumento': conversión de 'double' a 'const unsigned int'; posible pérdida de datos
C:\Users\Alvaro\source\repos\losdeSATArenCOREs\FaseII\pbPlots.cpp(1548,28): warning C4244: 'argumento': conversión de 'double' a 'const unsigned int'; posible pérdida de datos
C:\Users\Alvaro\source\repos\losdeSATArenCOREs\FaseII\pbPlots.cpp(1549,29): warning C4244: 'argumento': conversión de 'double' a 'const unsigned int'; posible pérdida de datos
C:\Users\Alvaro\source\repos\losdeSATArenCOREs\FaseII\pbPlots.cpp(1550,29): warning C4244: 'argumento': conversión de 'double' a 'const unsigned int'; posible pérdida de datos
C:\Users\Alvaro\source\repos\losdeSATArenCOREs\FaseII\pbPlots.cpp(1557,12): warning C4244: 'argumento': conversión de 'double' a 'const unsigned int'; posible pérdida de datos
C:\Users\Alvaro\source\repos\losdeSATArenCOREs\FaseII\pbPlots.cpp(1558,12): warning C4244: 'argumento': conversión de 'double' a 'const unsigned int'; posible pérdida de datos
C:\Users\Alvaro\source\repos\losdeSATArenCOREs\FaseII\pbPlots.cpp(1562,13): warning C4244: 'argumento': conversión de 'double' a 'const unsigned int'; posible pérdida de datos
C:\Users\Alvaro\source\repos\losdeSATArenCOREs\FaseII\pbPlots.cpp(1563,13): warning C4244: 'argumento': conversión de 'double' a 'const unsigned int'; posible pérdida de datos
C:\Users\Alvaro\source\repos\losdeSATArenCOREs\FaseII\pbPlots.cpp(1568,65): warning C4244: 'argumento': conversión de 'double' a 'const unsigned int'; posible pérdida de datos
C:\Users\Alvaro\source\repos\losdeSATArenCOREs\FaseII\pbPlots.cpp(1663,39): warning C4244: 'argumento': conversión de 'double' a 'const unsigned int'; posible pérdida de datos
C:\Users\Alvaro\source\repos\losdeSATArenCOREs\FaseII\pbPlots.cpp(1665,18): warning C4244: 'argumento': conversión de 'double' a 'const unsigned int'; posible pérdida de datos
C:\Users\Alvaro\source\repos\losdeSATArenCOREs\FaseII\pbPlots.cpp(1666,18): warning C4244: 'argumento': conversión de 'double' a 'const unsigned int'; posible pérdida de datos
C:\Users\Alvaro\source\repos\losdeSATArenCOREs\FaseII\pbPlots.cpp(1666,45): warning C4244: 'argumento': conversión de 'double' a 'const unsigned int'; posible pérdida de datos
C:\Users\Alvaro\source\repos\losdeSATArenCOREs\FaseII\pbPlots.cpp(1668,20): warning C4244: 'argumento': conversión de 'double' a 'const unsigned int'; posible pérdida de datos
C:\Users\Alvaro\source\repos\losdeSATArenCOREs\FaseII\pbPlots.cpp(1668,30): warning C4244: 'argumento': conversión de 'double' a 'const unsigned int'; posible pérdida de datos
C:\Users\Alvaro\source\repos\losdeSATArenCOREs\FaseII\pbPlots.cpp(1683,27): warning C4244: 'argumento': conversión de 'double' a 'const unsigned int'; posible pérdida de datos
C:\Users\Alvaro\source\repos\losdeSATArenCOREs\FaseII\pbPlots.cpp(1683,37): warning C4244: 'argumento': conversión de 'double' a 'const unsigned int'; posible pérdida de datos
C:\Users\Alvaro\source\repos\losdeSATArenCOREs\FaseII\pbPlots.cpp(1685,25): warning C4244: 'argumento': conversión de 'double' a 'const unsigned int'; posible pérdida de datos
C:\Users\Alvaro\source\repos\losdeSATArenCOREs\FaseII\pbPlots.cpp(1705,18): warning C4244: 'argumento': conversión de 'double' a 'const unsigned int'; posible pérdida de datos
C:\Users\Alvaro\source\repos\losdeSATArenCOREs\FaseII\pbPlots.cpp(1705,28): warning C4244: 'argumento': conversión de 'double' a 'const unsigned int'; posible pérdida de datos
C:\Users\Alvaro\source\repos\losdeSATArenCOREs\FaseII\pbPlots.cpp(1706,18): warning C4244: 'argumento': conversión de 'double' a 'const unsigned int'; posible pérdida de datos
C:\Users\Alvaro\source\repos\losdeSATArenCOREs\FaseII\pbPlots.cpp(1706,28): warning C4244: 'argumento': conversión de 'double' a 'const unsigned int'; posible pérdida de datos
C:\Users\Alvaro\source\repos\losdeSATArenCOREs\FaseII\pbPlots.cpp(1707,18): warning C4244: 'argumento': conversión de 'double' a 'const unsigned int'; posible pérdida de datos
C:\Users\Alvaro\source\repos\losdeSATArenCOREs\FaseII\pbPlots.cpp(1707,28): warning C4244: 'argumento': conversión de 'double' a 'const unsigned int'; posible pérdida de datos
C:\Users\Alvaro\source\repos\losdeSATArenCOREs\FaseII\pbPlots.cpp(1708,18): warning C4244: 'argumento': conversión de 'double' a 'const unsigned int'; posible pérdida de datos
C:\Users\Alvaro\source\repos\losdeSATArenCOREs\FaseII\pbPlots.cpp(1708,28): warning C4244: 'argumento': conversión de 'double' a 'const unsigned int'; posible pérdida de datos
C:\Users\Alvaro\source\repos\losdeSATArenCOREs\FaseII\pbPlots.cpp(1722,23): warning C4244: 'argumento': conversión de 'double' a 'const unsigned int'; posible pérdida de datos
C:\Users\Alvaro\source\repos\losdeSATArenCOREs\FaseII\pbPlots.cpp(1722,33): warning C4244: 'argumento': conversión de 'double' a 'const unsigned int'; posible pérdida de datos
C:\Users\Alvaro\source\repos\losdeSATArenCOREs\FaseII\pbPlots.cpp(1723,23): warning C4244: 'argumento': conversión de 'double' a 'const unsigned int'; posible pérdida de datos
C:\Users\Alvaro\source\repos\losdeSATArenCOREs\FaseII\pbPlots.cpp(1723,33): warning C4244: 'argumento': conversión de 'double' a 'const unsigned int'; posible pérdida de datos
C:\Users\Alvaro\source\repos\losdeSATArenCOREs\FaseII\pbPlots.cpp(1724,23): warning C4244: 'argumento': conversión de 'double' a 'const unsigned int'; posible pérdida de datos
C:\Users\Alvaro\source\repos\losdeSATArenCOREs\FaseII\pbPlots.cpp(1724,33): warning C4244: 'argumento': conversión de 'double' a 'const unsigned int'; posible pérdida de datos
C:\Users\Alvaro\source\repos\losdeSATArenCOREs\FaseII\pbPlots.cpp(1725,23): warning C4244: 'argumento': conversión de 'double' a 'const unsigned int'; posible pérdida de datos
C:\Users\Alvaro\source\repos\losdeSATArenCOREs\FaseII\pbPlots.cpp(1725,33): warning C4244: 'argumento': conversión de 'double' a 'const unsigned int'; posible pérdida de datos
C:\Users\Alvaro\source\repos\losdeSATArenCOREs\FaseII\pbPlots.cpp(1733,18): warning C4244: 'argumento': conversión de 'double' a 'const unsigned int'; posible pérdida de datos
C:\Users\Alvaro\source\repos\losdeSATArenCOREs\FaseII\pbPlots.cpp(1733,28): warning C4244: 'argumento': conversión de 'double' a 'const unsigned int'; posible pérdida de datos
C:\Users\Alvaro\source\repos\losdeSATArenCOREs\FaseII\pbPlots.cpp(1734,18): warning C4244: 'argumento': conversión de 'double' a 'const unsigned int'; posible pérdida de datos
C:\Users\Alvaro\source\repos\losdeSATArenCOREs\FaseII\pbPlots.cpp(1734,28): warning C4244: 'argumento': conversión de 'double' a 'const unsigned int'; posible pérdida de datos
C:\Users\Alvaro\source\repos\losdeSATArenCOREs\FaseII\pbPlots.cpp(1735,18): warning C4244: 'argumento': conversión de 'double' a 'const unsigned int'; posible pérdida de datos
C:\Users\Alvaro\source\repos\losdeSATArenCOREs\FaseII\pbPlots.cpp(1735,28): warning C4244: 'argumento': conversión de 'double' a 'const unsigned int'; posible pérdida de datos
C:\Users\Alvaro\source\repos\losdeSATArenCOREs\FaseII\pbPlots.cpp(1736,18): warning C4244: 'argumento': conversión de 'double' a 'const unsigned int'; posible pérdida de datos
C:\Users\Alvaro\source\repos\losdeSATArenCOREs\FaseII\pbPlots.cpp(1736,28): warning C4244: 'argumento': conversión de 'double' a 'const unsigned int'; posible pérdida de datos
C:\Users\Alvaro\source\repos\losdeSATArenCOREs\FaseII\pbPlots.cpp(1771,55): warning C4244: 'argumento': conversión de 'double' a 'const unsigned int'; posible pérdida de datos
C:\Users\Alvaro\source\repos\losdeSATArenCOREs\FaseII\pbPlots.cpp(1771,65): warning C4244: 'argumento': conversión de 'double' a 'const unsigned int'; posible pérdida de datos
C:\Users\Alvaro\source\repos\losdeSATArenCOREs\FaseII\pbPlots.cpp(1938,41): warning C4244: 'argumento': conversión de 'double' a 'const unsigned int'; posible pérdida de datos
C:\Users\Alvaro\source\repos\losdeSATArenCOREs\FaseII\pbPlots.cpp(1938,51): warning C4244: 'argumento': conversión de 'double' a 'const unsigned int'; posible pérdida de datos
C:\Users\Alvaro\source\repos\losdeSATArenCOREs\FaseII\pbPlots.cpp(1945,23): warning C4244: 'argumento': conversión de 'double' a 'const unsigned int'; posible pérdida de datos
C:\Users\Alvaro\source\repos\losdeSATArenCOREs\FaseII\pbPlots.cpp(1945,33): warning C4244: 'argumento': conversión de 'double' a 'const unsigned int'; posible pérdida de datos
C:\Users\Alvaro\source\repos\losdeSATArenCOREs\FaseII\pbPlots.cpp(1954,23): warning C4244: 'argumento': conversión de 'double' a 'const unsigned int'; posible pérdida de datos
C:\Users\Alvaro\source\repos\losdeSATArenCOREs\FaseII\pbPlots.cpp(1954,33): warning C4244: 'argumento': conversión de 'double' a 'const unsigned int'; posible pérdida de datos
C:\Users\Alvaro\source\repos\losdeSATArenCOREs\FaseII\pbPlots.cpp(1955,45): warning C4244: 'argumento': conversión de 'double' a 'const unsigned int'; posible pérdida de datos
C:\Users\Alvaro\source\repos\losdeSATArenCOREs\FaseII\pbPlots.cpp(1955,57): warning C4244: 'argumento': conversión de 'double' a 'const unsigned int'; posible pérdida de datos
C:\Users\Alvaro\source\repos\losdeSATArenCOREs\FaseII\pbPlots.cpp(2284,23): warning C4244: 'argumento': conversión de 'double' a 'unsigned int'; posible pérdida de datos
C:\Users\Alvaro\source\repos\losdeSATArenCOREs\FaseII\pbPlots.cpp(2308,25): warning C4244: 'argumento': conversión de 'double' a 'unsigned int'; posible pérdida de datos
C:\Users\Alvaro\source\repos\losdeSATArenCOREs\FaseII\pbPlots.cpp(2323,31): warning C4244: 'argumento': conversión de 'double' a 'unsigned int'; posible pérdida de datos
C:\Users\Alvaro\source\repos\losdeSATArenCOREs\FaseII\pbPlots.cpp(2350,31): warning C4244: 'argumento': conversión de 'double' a 'unsigned int'; posible pérdida de datos
C:\Users\Alvaro\source\repos\losdeSATArenCOREs\FaseII\pbPlots.cpp(2371,31): warning C4244: 'argumento': conversión de 'double' a 'unsigned int'; posible pérdida de datos
C:\Users\Alvaro\source\repos\losdeSATArenCOREs\FaseII\pbPlots.cpp(2392,31): warning C4244: 'argumento': conversión de 'double' a 'unsigned int'; posible pérdida de datos
C:\Users\Alvaro\source\repos\losdeSATArenCOREs\FaseII\pbPlots.cpp(2404,31): warning C4244: 'argumento': conversión de 'double' a 'unsigned int'; posible pérdida de datos
C:\Users\Alvaro\source\repos\losdeSATArenCOREs\FaseII\pbPlots.cpp(2465,26): warning C4244: 'argumento': conversión de 'double' a 'const unsigned int'; posible pérdida de datos
C:\Users\Alvaro\source\repos\losdeSATArenCOREs\FaseII\pbPlots.cpp(2465,36): warning C4244: 'argumento': conversión de 'double' a 'const unsigned int'; posible pérdida de datos
C:\Users\Alvaro\source\repos\losdeSATArenCOREs\FaseII\pbPlots.cpp(2467,40): warning C4244: 'argumento': conversión de 'double' a 'const unsigned int'; posible pérdida de datos
C:\Users\Alvaro\source\repos\losdeSATArenCOREs\FaseII\pbPlots.cpp(2467,50): warning C4244: 'argumento': conversión de 'double' a 'const unsigned int'; posible pérdida de datos
C:\Users\Alvaro\source\repos\losdeSATArenCOREs\FaseII\pbPlots.cpp(2468,40): warning C4244: 'argumento': conversión de 'double' a 'const unsigned int'; posible pérdida de datos
C:\Users\Alvaro\source\repos\losdeSATArenCOREs\FaseII\pbPlots.cpp(2468,50): warning C4244: 'argumento': conversión de 'double' a 'const unsigned int'; posible pérdida de datos
C:\Users\Alvaro\source\repos\losdeSATArenCOREs\FaseII\pbPlots.cpp(2469,40): warning C4244: 'argumento': conversión de 'double' a 'const unsigned int'; posible pérdida de datos
C:\Users\Alvaro\source\repos\losdeSATArenCOREs\FaseII\pbPlots.cpp(2469,50): warning C4244: 'argumento': conversión de 'double' a 'const unsigned int'; posible pérdida de datos
C:\Users\Alvaro\source\repos\losdeSATArenCOREs\FaseII\pbPlots.cpp(2504,33): warning C4244: 'argumento': conversión de 'double' a 'const unsigned int'; posible pérdida de datos
C:\Users\Alvaro\source\repos\losdeSATArenCOREs\FaseII\pbPlots.cpp(2591,37): warning C4244: 'argumento': conversión de 'double' a 'const unsigned int'; posible pérdida de datos
C:\Users\Alvaro\source\repos\losdeSATArenCOREs\FaseII\pbPlots.cpp(2690,58): warning C4244: 'argumento': conversión de 'double' a 'const unsigned int'; posible pérdida de datos
C:\Users\Alvaro\source\repos\losdeSATArenCOREs\FaseII\pbPlots.cpp(2752,49): warning C4244: 'argumento': conversión de 'double' a 'const unsigned int'; posible pérdida de datos
C:\Users\Alvaro\source\repos\losdeSATArenCOREs\FaseII\pbPlots.cpp(2758,24): warning C4244: 'argumento': conversión de 'double' a 'const unsigned int'; posible pérdida de datos
C:\Users\Alvaro\source\repos\losdeSATArenCOREs\FaseII\pbPlots.cpp(2766,45): warning C4244: 'argumento': conversión de 'double' a 'const unsigned int'; posible pérdida de datos
C:\Users\Alvaro\source\repos\losdeSATArenCOREs\FaseII\pbPlots.cpp(2791,14): warning C4244: 'argumento': conversión de 'double' a 'const unsigned int'; posible pérdida de datos
C:\Users\Alvaro\source\repos\losdeSATArenCOREs\FaseII\pbPlots.cpp(2794,20): warning C4244: 'argumento': conversión de 'double' a 'const unsigned int'; posible pérdida de datos
C:\Users\Alvaro\source\repos\losdeSATArenCOREs\FaseII\pbPlots.cpp(2814,49): warning C4244: 'argumento': conversión de 'double' a 'const unsigned int'; posible pérdida de datos
C:\Users\Alvaro\source\repos\losdeSATArenCOREs\FaseII\pbPlots.cpp(2822,52): warning C4244: 'argumento': conversión de 'double' a 'const unsigned int'; posible pérdida de datos
C:\Users\Alvaro\source\repos\losdeSATArenCOREs\FaseII\pbPlots.cpp(2825,36): warning C4244: 'argumento': conversión de 'double' a 'const unsigned int'; posible pérdida de datos
C:\Users\Alvaro\source\repos\losdeSATArenCOREs\FaseII\pbPlots.cpp(2825,85): warning C4244: 'argumento': conversión de 'double' a 'const unsigned int'; posible pérdida de datos
C:\Users\Alvaro\source\repos\losdeSATArenCOREs\FaseII\pbPlots.cpp(2833,53): warning C4244: 'argumento': conversión de 'double' a 'const unsigned int'; posible pérdida de datos
C:\Users\Alvaro\source\repos\losdeSATArenCOREs\FaseII\pbPlots.cpp(2834,51): warning C4244: 'argumento': conversión de 'double' a 'const unsigned int'; posible pérdida de datos
C:\Users\Alvaro\source\repos\losdeSATArenCOREs\FaseII\pbPlots.cpp(2848,12): warning C4244: 'argumento': conversión de 'double' a 'const unsigned int'; posible pérdida de datos
C:\Users\Alvaro\source\repos\losdeSATArenCOREs\FaseII\pbPlots.cpp(2855,53): warning C4244: 'argumento': conversión de 'double' a 'const unsigned int'; posible pérdida de datos
C:\Users\Alvaro\source\repos\losdeSATArenCOREs\FaseII\pbPlots.cpp(2863,55): warning C4244: 'argumento': conversión de 'double' a 'const unsigned int'; posible pérdida de datos
C:\Users\Alvaro\source\repos\losdeSATArenCOREs\FaseII\pbPlots.cpp(2866,39): warning C4244: 'argumento': conversión de 'double' a 'const unsigned int'; posible pérdida de datos
C:\Users\Alvaro\source\repos\losdeSATArenCOREs\FaseII\pbPlots.cpp(2866,88): warning C4244: 'argumento': conversión de 'double' a 'const unsigned int'; posible pérdida de datos
C:\Users\Alvaro\source\repos\losdeSATArenCOREs\FaseII\pbPlots.cpp(2874,55): warning C4244: 'argumento': conversión de 'double' a 'const unsigned int'; posible pérdida de datos
C:\Users\Alvaro\source\repos\losdeSATArenCOREs\FaseII\pbPlots.cpp(2885,35): warning C4244: 'argumento': conversión de 'double' a 'const unsigned int'; posible pérdida de datos
C:\Users\Alvaro\source\repos\losdeSATArenCOREs\FaseII\pbPlots.cpp(2885,54): warning C4244: 'argumento': conversión de 'double' a 'const unsigned int'; posible pérdida de datos
C:\Users\Alvaro\source\repos\losdeSATArenCOREs\FaseII\pbPlots.cpp(2888,53): warning C4244: 'argumento': conversión de 'double' a 'const unsigned int'; posible pérdida de datos
C:\Users\Alvaro\source\repos\losdeSATArenCOREs\FaseII\pbPlots.cpp(2904,29): warning C4244: 'argumento': conversión de 'double' a 'const unsigned int'; posible pérdida de datos
C:\Users\Alvaro\source\repos\losdeSATArenCOREs\FaseII\pbPlots.cpp(2904,48): warning C4244: 'argumento': conversión de 'double' a 'const unsigned int'; posible pérdida de datos
C:\Users\Alvaro\source\repos\losdeSATArenCOREs\FaseII\pbPlots.cpp(2908,16): warning C4244: 'argumento': conversión de 'double' a 'const unsigned int'; posible pérdida de datos
C:\Users\Alvaro\source\repos\losdeSATArenCOREs\FaseII\pbPlots.cpp(2911,22): warning C4244: 'argumento': conversión de 'double' a 'const unsigned int'; posible pérdida de datos
C:\Users\Alvaro\source\repos\losdeSATArenCOREs\FaseII\pbPlots.cpp(2920,55): warning C4244: 'argumento': conversión de 'double' a 'const unsigned int'; posible pérdida de datos
C:\Users\Alvaro\source\repos\losdeSATArenCOREs\FaseII\pbPlots.cpp(2928,55): warning C4244: 'argumento': conversión de 'double' a 'const unsigned int'; posible pérdida de datos
C:\Users\Alvaro\source\repos\losdeSATArenCOREs\FaseII\pbPlots.cpp(2931,39): warning C4244: 'argumento': conversión de 'double' a 'const unsigned int'; posible pérdida de datos
C:\Users\Alvaro\source\repos\losdeSATArenCOREs\FaseII\pbPlots.cpp(2931,88): warning C4244: 'argumento': conversión de 'double' a 'const unsigned int'; posible pérdida de datos
C:\Users\Alvaro\source\repos\losdeSATArenCOREs\FaseII\pbPlots.cpp(2970,24): warning C4244: 'argumento': conversión de 'double' a 'const unsigned int'; posible pérdida de datos
C:\Users\Alvaro\source\repos\losdeSATArenCOREs\FaseII\pbPlots.cpp(2986,24): warning C4244: 'argumento': conversión de 'double' a 'const unsigned int'; posible pérdida de datos
C:\Users\Alvaro\source\repos\losdeSATArenCOREs\FaseII\pbPlots.cpp(3025,38): warning C4244: 'argumento': conversión de 'double' a 'const unsigned int'; posible pérdida de datos
C:\Users\Alvaro\source\repos\losdeSATArenCOREs\FaseII\pbPlots.cpp(3028,17): warning C4244: 'argumento': conversión de 'double' a 'const unsigned int'; posible pérdida de datos
C:\Users\Alvaro\source\repos\losdeSATArenCOREs\FaseII\pbPlots.cpp(3030,43): warning C4244: 'argumento': conversión de 'double' a 'const unsigned int'; posible pérdida de datos
C:\Users\Alvaro\source\repos\losdeSATArenCOREs\FaseII\pbPlots.cpp(3270,27): warning C4244: 'argumento': conversión de 'double' a 'const unsigned int'; posible pérdida de datos
C:\Users\Alvaro\source\repos\losdeSATArenCOREs\FaseII\pbPlots.cpp(3286,21): warning C4244: 'argumento': conversión de 'double' a 'const unsigned int'; posible pérdida de datos
C:\Users\Alvaro\source\repos\losdeSATArenCOREs\FaseII\pbPlots.cpp(3419,29): warning C4244: 'argumento': conversión de 'double' a 'const unsigned int'; posible pérdida de datos
C:\Users\Alvaro\source\repos\losdeSATArenCOREs\FaseII\pbPlots.cpp(3422,11): warning C4244: 'argumento': conversión de 'double' a 'const unsigned int'; posible pérdida de datos
C:\Users\Alvaro\source\repos\losdeSATArenCOREs\FaseII\pbPlots.cpp(3424,15): warning C4244: 'argumento': conversión de 'double' a 'const unsigned int'; posible pérdida de datos
C:\Users\Alvaro\source\repos\losdeSATArenCOREs\FaseII\pbPlots.cpp(3424,35): warning C4244: 'argumento': conversión de 'double' a 'const unsigned int'; posible pérdida de datos
C:\Users\Alvaro\source\repos\losdeSATArenCOREs\FaseII\pbPlots.cpp(3424,50): warning C4244: 'argumento': conversión de 'double' a 'const unsigned int'; posible pérdida de datos
C:\Users\Alvaro\source\repos\losdeSATArenCOREs\FaseII\pbPlots.cpp(3441,15): warning C4244: 'argumento': conversión de 'double' a 'const unsigned int'; posible pérdida de datos
C:\Users\Alvaro\source\repos\losdeSATArenCOREs\FaseII\pbPlots.cpp(3441,31): warning C4244: 'argumento': conversión de 'double' a 'const unsigned int'; posible pérdida de datos
C:\Users\Alvaro\source\repos\losdeSATArenCOREs\FaseII\pbPlots.cpp(3452,16): warning C4244: 'argumento': conversión de 'double' a 'const unsigned int'; posible pérdida de datos
C:\Users\Alvaro\source\repos\losdeSATArenCOREs\FaseII\pbPlots.cpp(3452,31): warning C4244: 'argumento': conversión de 'double' a 'const unsigned int'; posible pérdida de datos
C:\Users\Alvaro\source\repos\losdeSATArenCOREs\FaseII\pbPlots.cpp(3452,30): warning C4244: '=': conversión de '_Ty' a '_Ty'; posible pérdida de datos
          with
          [
              _Ty=double
          ]
          and
          [
              _Ty=wchar_t
          ]
C:\Users\Alvaro\source\repos\losdeSATArenCOREs\FaseII\pbPlots.cpp(3463,16): warning C4244: 'argumento': conversión de 'double' a 'const unsigned int'; posible pérdida de datos
C:\Users\Alvaro\source\repos\losdeSATArenCOREs\FaseII\pbPlots.cpp(3463,28): warning C4244: 'argumento': conversión de 'double' a 'const unsigned int'; posible pérdida de datos
C:\Users\Alvaro\source\repos\losdeSATArenCOREs\FaseII\pbPlots.cpp(3480,16): warning C4244: 'argumento': conversión de 'double' a 'unsigned int'; posible pérdida de datos
C:\Users\Alvaro\source\repos\losdeSATArenCOREs\FaseII\pbPlots.cpp(3480,28): warning C4244: 'argumento': conversión de 'double' a 'unsigned int'; posible pérdida de datos
C:\Users\Alvaro\source\repos\losdeSATArenCOREs\FaseII\pbPlots.cpp(3497,16): warning C4244: 'argumento': conversión de 'double' a 'const unsigned int'; posible pérdida de datos
C:\Users\Alvaro\source\repos\losdeSATArenCOREs\FaseII\pbPlots.cpp(3497,28): warning C4244: 'argumento': conversión de 'double' a 'const unsigned int'; posible pérdida de datos
C:\Users\Alvaro\source\repos\losdeSATArenCOREs\FaseII\pbPlots.cpp(3511,11): warning C4244: 'argumento': conversión de 'double' a 'const unsigned int'; posible pérdida de datos
C:\Users\Alvaro\source\repos\losdeSATArenCOREs\FaseII\pbPlots.cpp(3518,11): warning C4244: 'argumento': conversión de 'double' a 'const unsigned int'; posible pérdida de datos
C:\Users\Alvaro\source\repos\losdeSATArenCOREs\FaseII\pbPlots.cpp(3525,11): warning C4244: 'argumento': conversión de 'double' a 'unsigned int'; posible pérdida de datos
C:\Users\Alvaro\source\repos\losdeSATArenCOREs\FaseII\pbPlots.cpp(3535,18): warning C4244: 'argumento': conversión de 'double' a 'const unsigned int'; posible pérdida de datos
C:\Users\Alvaro\source\repos\losdeSATArenCOREs\FaseII\pbPlots.cpp(3552,18): warning C4244: 'argumento': conversión de 'double' a 'unsigned int'; posible pérdida de datos
C:\Users\Alvaro\source\repos\losdeSATArenCOREs\FaseII\pbPlots.cpp(3569,18): warning C4244: 'argumento': conversión de 'double' a 'const unsigned int'; posible pérdida de datos
C:\Users\Alvaro\source\repos\losdeSATArenCOREs\FaseII\pbPlots.cpp(3586,11): warning C4244: 'argumento': conversión de 'double' a 'const unsigned int'; posible pérdida de datos
C:\Users\Alvaro\source\repos\losdeSATArenCOREs\FaseII\pbPlots.cpp(3586,22): warning C4244: 'argumento': conversión de 'double' a 'const unsigned int'; posible pérdida de datos
C:\Users\Alvaro\source\repos\losdeSATArenCOREs\FaseII\pbPlots.cpp(3598,11): warning C4244: 'argumento': conversión de 'double' a 'unsigned int'; posible pérdida de datos
C:\Users\Alvaro\source\repos\losdeSATArenCOREs\FaseII\pbPlots.cpp(3598,22): warning C4244: 'argumento': conversión de 'double' a 'unsigned int'; posible pérdida de datos
C:\Users\Alvaro\source\repos\losdeSATArenCOREs\FaseII\pbPlots.cpp(3610,11): warning C4244: 'argumento': conversión de 'double' a 'const unsigned int'; posible pérdida de datos
C:\Users\Alvaro\source\repos\losdeSATArenCOREs\FaseII\pbPlots.cpp(3610,22): warning C4244: 'argumento': conversión de 'double' a 'const unsigned int'; posible pérdida de datos
C:\Users\Alvaro\source\repos\losdeSATArenCOREs\FaseII\pbPlots.cpp(3622,29): warning C4244: 'argumento': conversión de 'double' a 'const unsigned int'; posible pérdida de datos
C:\Users\Alvaro\source\repos\losdeSATArenCOREs\FaseII\pbPlots.cpp(3625,13): warning C4244: 'argumento': conversión de 'double' a 'const unsigned int'; posible pérdida de datos
C:\Users\Alvaro\source\repos\losdeSATArenCOREs\FaseII\pbPlots.cpp(3625,29): warning C4244: 'argumento': conversión de 'double' a 'const unsigned int'; posible pérdida de datos
C:\Users\Alvaro\source\repos\losdeSATArenCOREs\FaseII\pbPlots.cpp(3643,27): warning C4244: 'argumento': conversión de 'double' a 'unsigned int'; posible pérdida de datos
C:\Users\Alvaro\source\repos\losdeSATArenCOREs\FaseII\pbPlots.cpp(3646,13): warning C4244: 'argumento': conversión de 'double' a 'unsigned int'; posible pérdida de datos
C:\Users\Alvaro\source\repos\losdeSATArenCOREs\FaseII\pbPlots.cpp(3646,29): warning C4244: 'argumento': conversión de 'double' a 'unsigned int'; posible pérdida de datos
C:\Users\Alvaro\source\repos\losdeSATArenCOREs\FaseII\pbPlots.cpp(3664,30): warning C4244: 'argumento': conversión de 'double' a 'const unsigned int'; posible pérdida de datos
C:\Users\Alvaro\source\repos\losdeSATArenCOREs\FaseII\pbPlots.cpp(3667,13): warning C4244: 'argumento': conversión de 'double' a 'const unsigned int'; posible pérdida de datos
C:\Users\Alvaro\source\repos\losdeSATArenCOREs\FaseII\pbPlots.cpp(3667,29): warning C4244: 'argumento': conversión de 'double' a 'const unsigned int'; posible pérdida de datos
C:\Users\Alvaro\source\repos\losdeSATArenCOREs\FaseII\pbPlots.cpp(3684,31): warning C4244: 'argumento': conversión de 'double' a 'const unsigned int'; posible pérdida de datos
C:\Users\Alvaro\source\repos\losdeSATArenCOREs\FaseII\pbPlots.cpp(3692,29): warning C4244: 'argumento': conversión de 'double' a 'unsigned int'; posible pérdida de datos
C:\Users\Alvaro\source\repos\losdeSATArenCOREs\FaseII\pbPlots.cpp(3700,32): warning C4244: 'argumento': conversión de 'double' a 'const unsigned int'; posible pérdida de datos
C:\Users\Alvaro\source\repos\losdeSATArenCOREs\FaseII\pbPlots.cpp(3708,15): warning C4244: 'argumento': conversión de 'double' a 'const unsigned int'; posible pérdida de datos
C:\Users\Alvaro\source\repos\losdeSATArenCOREs\FaseII\pbPlots.cpp(3709,9): warning C4244: 'argumento': conversión de 'double' a 'const unsigned int'; posible pérdida de datos
C:\Users\Alvaro\source\repos\losdeSATArenCOREs\FaseII\pbPlots.cpp(3709,21): warning C4244: 'argumento': conversión de 'double' a 'const unsigned int'; posible pérdida de datos
C:\Users\Alvaro\source\repos\losdeSATArenCOREs\FaseII\pbPlots.cpp(3710,9): warning C4244: 'argumento': conversión de 'double' a 'const unsigned int'; posible pérdida de datos
C:\Users\Alvaro\source\repos\losdeSATArenCOREs\FaseII\pbPlots.cpp(3715,28): warning C4244: 'argumento': conversión de 'double' a 'const unsigned int'; posible pérdida de datos
C:\Users\Alvaro\source\repos\losdeSATArenCOREs\FaseII\pbPlots.cpp(3716,22): warning C4244: 'argumento': conversión de 'double' a 'const unsigned int'; posible pérdida de datos
C:\Users\Alvaro\source\repos\losdeSATArenCOREs\FaseII\pbPlots.cpp(3716,47): warning C4244: 'argumento': conversión de 'double' a 'const unsigned int'; posible pérdida de datos
C:\Users\Alvaro\source\repos\losdeSATArenCOREs\FaseII\pbPlots.cpp(3717,22): warning C4244: 'argumento': conversión de 'double' a 'const unsigned int'; posible pérdida de datos
C:\Users\Alvaro\source\repos\losdeSATArenCOREs\FaseII\pbPlots.cpp(3747,41): warning C4244: 'argumento': conversión de 'double' a 'unsigned int'; posible pérdida de datos
C:\Users\Alvaro\source\repos\losdeSATArenCOREs\FaseII\pbPlots.cpp(3750,27): warning C4244: 'argumento': conversión de 'double' a 'unsigned int'; posible pérdida de datos
C:\Users\Alvaro\source\repos\losdeSATArenCOREs\FaseII\pbPlots.cpp(3788,42): warning C4244: 'argumento': conversión de 'double' a 'const unsigned int'; posible pérdida de datos
C:\Users\Alvaro\source\repos\losdeSATArenCOREs\FaseII\pbPlots.cpp(3791,26): warning C4244: 'argumento': conversión de 'double' a 'const unsigned int'; posible pérdida de datos
C:\Users\Alvaro\source\repos\losdeSATArenCOREs\FaseII\pbPlots.cpp(3813,38): warning C4244: 'argumento': conversión de 'double' a 'const unsigned int'; posible pérdida de datos
C:\Users\Alvaro\source\repos\losdeSATArenCOREs\FaseII\pbPlots.cpp(3816,21): warning C4244: 'argumento': conversión de 'double' a 'const unsigned int'; posible pérdida de datos
C:\Users\Alvaro\source\repos\losdeSATArenCOREs\FaseII\pbPlots.cpp(3838,52): warning C4244: 'argumento': conversión de 'double' a 'const unsigned int'; posible pérdida de datos
C:\Users\Alvaro\source\repos\losdeSATArenCOREs\FaseII\pbPlots.cpp(3841,26): warning C4244: 'argumento': conversión de 'double' a 'const unsigned int'; posible pérdida de datos
C:\Users\Alvaro\source\repos\losdeSATArenCOREs\FaseII\pbPlots.cpp(3850,50): warning C4244: 'argumento': conversión de 'double' a 'const unsigned int'; posible pérdida de datos
C:\Users\Alvaro\source\repos\losdeSATArenCOREs\FaseII\pbPlots.cpp(3937,26): warning C4244: 'argumento': conversión de 'double' a 'const unsigned int'; posible pérdida de datos
C:\Users\Alvaro\source\repos\losdeSATArenCOREs\FaseII\pbPlots.cpp(3937,36): warning C4244: 'argumento': conversión de 'double' a 'const unsigned int'; posible pérdida de datos
C:\Users\Alvaro\source\repos\losdeSATArenCOREs\FaseII\pbPlots.cpp(3948,33): warning C4244: 'argumento': conversión de 'double' a 'unsigned int'; posible pérdida de datos
C:\Users\Alvaro\source\repos\losdeSATArenCOREs\FaseII\pbPlots.cpp(3948,43): warning C4244: 'argumento': conversión de 'double' a 'unsigned int'; posible pérdida de datos
C:\Users\Alvaro\source\repos\losdeSATArenCOREs\FaseII\pbPlots.cpp(3959,32): warning C4244: 'argumento': conversión de 'double' a 'const unsigned int'; posible pérdida de datos
C:\Users\Alvaro\source\repos\losdeSATArenCOREs\FaseII\pbPlots.cpp(3959,50): warning C4244: 'argumento': conversión de 'double' a 'const unsigned int'; posible pérdida de datos
C:\Users\Alvaro\source\repos\losdeSATArenCOREs\FaseII\pbPlots.cpp(4013,30): warning C4244: 'argumento': conversión de 'double' a 'const unsigned int'; posible pérdida de datos
C:\Users\Alvaro\source\repos\losdeSATArenCOREs\FaseII\pbPlots.cpp(4018,40): warning C4244: 'argumento': conversión de 'double' a 'const unsigned int'; posible pérdida de datos
C:\Users\Alvaro\source\repos\losdeSATArenCOREs\FaseII\pbPlots.cpp(4054,63): warning C4244: 'argumento': conversión de 'double' a 'const unsigned int'; posible pérdida de datos
C:\Users\Alvaro\source\repos\losdeSATArenCOREs\FaseII\pbPlots.cpp(4080,35): warning C4244: 'argumento': conversión de 'double' a 'const unsigned int'; posible pérdida de datos
C:\Users\Alvaro\source\repos\losdeSATArenCOREs\FaseII\pbPlots.cpp(4085,19): warning C4244: 'argumento': conversión de 'double' a 'const unsigned int'; posible pérdida de datos
C:\Users\Alvaro\source\repos\losdeSATArenCOREs\FaseII\pbPlots.cpp(4088,27): warning C4244: 'argumento': conversión de 'double' a 'const unsigned int'; posible pérdida de datos
C:\Users\Alvaro\source\repos\losdeSATArenCOREs\FaseII\pbPlots.cpp(4088,37): warning C4244: 'argumento': conversión de 'double' a 'const unsigned int'; posible pérdida de datos
C:\Users\Alvaro\source\repos\losdeSATArenCOREs\FaseII\pbPlots.cpp(4089,21): warning C4244: 'argumento': conversión de 'double' a 'const unsigned int'; posible pérdida de datos
C:\Users\Alvaro\source\repos\losdeSATArenCOREs\FaseII\pbPlots.cpp(4091,21): warning C4244: 'argumento': conversión de 'double' a 'const unsigned int'; posible pérdida de datos
C:\Users\Alvaro\source\repos\losdeSATArenCOREs\FaseII\pbPlots.cpp(4093,21): warning C4244: 'argumento': conversión de 'double' a 'const unsigned int'; posible pérdida de datos
C:\Users\Alvaro\source\repos\losdeSATArenCOREs\FaseII\pbPlots.cpp(4095,21): warning C4244: 'argumento': conversión de 'double' a 'const unsigned int'; posible pérdida de datos
C:\Users\Alvaro\source\repos\losdeSATArenCOREs\FaseII\pbPlots.cpp(4109,35): warning C4244: 'argumento': conversión de 'double' a 'const unsigned int'; posible pérdida de datos
C:\Users\Alvaro\source\repos\losdeSATArenCOREs\FaseII\pbPlots.cpp(4114,19): warning C4244: 'argumento': conversión de 'double' a 'const unsigned int'; posible pérdida de datos
C:\Users\Alvaro\source\repos\losdeSATArenCOREs\FaseII\pbPlots.cpp(4117,27): warning C4244: 'argumento': conversión de 'double' a 'const unsigned int'; posible pérdida de datos
C:\Users\Alvaro\source\repos\losdeSATArenCOREs\FaseII\pbPlots.cpp(4117,37): warning C4244: 'argumento': conversión de 'double' a 'const unsigned int'; posible pérdida de datos
C:\Users\Alvaro\source\repos\losdeSATArenCOREs\FaseII\pbPlots.cpp(4118,21): warning C4244: 'argumento': conversión de 'double' a 'const unsigned int'; posible pérdida de datos
C:\Users\Alvaro\source\repos\losdeSATArenCOREs\FaseII\pbPlots.cpp(4145,27): warning C4244: 'argumento': conversión de 'double' a 'const unsigned int'; posible pérdida de datos
C:\Users\Alvaro\source\repos\losdeSATArenCOREs\FaseII\pbPlots.cpp(4164,16): warning C4244: 'argumento': conversión de 'double' a 'const unsigned int'; posible pérdida de datos
C:\Users\Alvaro\source\repos\losdeSATArenCOREs\FaseII\pbPlots.cpp(4170,34): warning C4244: 'argumento': conversión de 'double' a 'const unsigned int'; posible pérdida de datos
C:\Users\Alvaro\source\repos\losdeSATArenCOREs\FaseII\pbPlots.cpp(4174,16): warning C4244: 'argumento': conversión de 'double' a 'const unsigned int'; posible pérdida de datos
C:\Users\Alvaro\source\repos\losdeSATArenCOREs\FaseII\pbPlots.cpp(4177,22): warning C4244: 'argumento': conversión de 'double' a 'const unsigned int'; posible pérdida de datos
C:\Users\Alvaro\source\repos\losdeSATArenCOREs\FaseII\pbPlots.cpp(4177,45): warning C4244: 'argumento': conversión de 'double' a 'const unsigned int'; posible pérdida de datos
C:\Users\Alvaro\source\repos\losdeSATArenCOREs\FaseII\pbPlots.cpp(4197,16): warning C4244: 'argumento': conversión de 'double' a 'const unsigned int'; posible pérdida de datos
C:\Users\Alvaro\source\repos\losdeSATArenCOREs\FaseII\pbPlots.cpp(4259,28): warning C4244: 'argumento': conversión de 'double' a 'const unsigned int'; posible pérdida de datos
C:\Users\Alvaro\source\repos\losdeSATArenCOREs\FaseII\pbPlots.cpp(4261,12): warning C4244: 'argumento': conversión de 'double' a 'const unsigned int'; posible pérdida de datos
C:\Users\Alvaro\source\repos\losdeSATArenCOREs\FaseII\pbPlots.cpp(4272,34): warning C4244: 'argumento': conversión de 'double' a 'const unsigned int'; posible pérdida de datos
C:\Users\Alvaro\source\repos\losdeSATArenCOREs\FaseII\pbPlots.cpp(4273,28): warning C4244: '=': conversión de 'double' a '_Ty'; posible pérdida de datos
          with
          [
              _Ty=wchar_t
          ]
C:\Users\Alvaro\source\repos\losdeSATArenCOREs\FaseII\pbPlots.cpp(4274,28): warning C4244: '=': conversión de 'double' a '_Ty'; posible pérdida de datos
          with
          [
              _Ty=wchar_t
          ]
C:\Users\Alvaro\source\repos\losdeSATArenCOREs\FaseII\pbPlots.cpp(4275,28): warning C4244: '=': conversión de 'double' a '_Ty'; posible pérdida de datos
          with
          [
              _Ty=wchar_t
          ]
C:\Users\Alvaro\source\repos\losdeSATArenCOREs\FaseII\pbPlots.cpp(4276,28): warning C4244: '=': conversión de 'double' a '_Ty'; posible pérdida de datos
          with
          [
              _Ty=wchar_t
          ]
C:\Users\Alvaro\source\repos\losdeSATArenCOREs\FaseII\pbPlots.cpp(4286,35): warning C4244: 'argumento': conversión de 'double' a 'const unsigned int'; posible pérdida de datos
C:\Users\Alvaro\source\repos\losdeSATArenCOREs\FaseII\pbPlots.cpp(4286,50): warning C4244: 'argumento': conversión de 'double' a 'const unsigned int'; posible pérdida de datos
C:\Users\Alvaro\source\repos\losdeSATArenCOREs\FaseII\pbPlots.cpp(4291,19): warning C4244: 'argumento': conversión de 'double' a 'const unsigned int'; posible pérdida de datos
C:\Users\Alvaro\source\repos\losdeSATArenCOREs\FaseII\pbPlots.cpp(4319,28): warning C4244: 'argumento': conversión de 'double' a 'const unsigned int'; posible pérdida de datos
C:\Users\Alvaro\source\repos\losdeSATArenCOREs\FaseII\pbPlots.cpp(4322,13): warning C4244: 'argumento': conversión de 'double' a 'const unsigned int'; posible pérdida de datos
C:\Users\Alvaro\source\repos\losdeSATArenCOREs\FaseII\pbPlots.cpp(4322,34): warning C4244: 'argumento': conversión de 'double' a 'const unsigned int'; posible pérdida de datos
C:\Users\Alvaro\source\repos\losdeSATArenCOREs\FaseII\pbPlots.cpp(4343,19): warning C4244: 'argumento': conversión de 'double' a 'const unsigned int'; posible pérdida de datos
C:\Users\Alvaro\source\repos\losdeSATArenCOREs\FaseII\pbPlots.cpp(4343,31): warning C4244: 'argumento': conversión de 'double' a 'const unsigned int'; posible pérdida de datos
C:\Users\Alvaro\source\repos\losdeSATArenCOREs\FaseII\pbPlots.cpp(4347,30): warning C4244: 'argumento': conversión de 'double' a 'const unsigned int'; posible pérdida de datos
C:\Users\Alvaro\source\repos\losdeSATArenCOREs\FaseII\pbPlots.cpp(4347,44): warning C4244: 'argumento': conversión de 'double' a 'const unsigned int'; posible pérdida de datos
C:\Users\Alvaro\source\repos\losdeSATArenCOREs\FaseII\pbPlots.cpp(4364,51): warning C4244: 'argumento': conversión de 'double' a 'const unsigned int'; posible pérdida de datos
C:\Users\Alvaro\source\repos\losdeSATArenCOREs\FaseII\pbPlots.cpp(4367,19): warning C4244: 'argumento': conversión de 'double' a 'const unsigned int'; posible pérdida de datos
C:\Users\Alvaro\source\repos\losdeSATArenCOREs\FaseII\pbPlots.cpp(4367,35): warning C4244: 'argumento': conversión de 'double' a 'const unsigned int'; posible pérdida de datos
C:\Users\Alvaro\source\repos\losdeSATArenCOREs\FaseII\pbPlots.cpp(4378,42): warning C4244: 'argumento': conversión de 'double' a 'const unsigned int'; posible pérdida de datos
C:\Users\Alvaro\source\repos\losdeSATArenCOREs\FaseII\pbPlots.cpp(4393,19): warning C4244: 'argumento': conversión de 'double' a 'const unsigned int'; posible pérdida de datos
C:\Users\Alvaro\source\repos\losdeSATArenCOREs\FaseII\pbPlots.cpp(4420,26): warning C4244: 'argumento': conversión de 'double' a 'const unsigned int'; posible pérdida de datos
C:\Users\Alvaro\source\repos\losdeSATArenCOREs\FaseII\pbPlots.cpp(4420,48): warning C4244: 'argumento': conversión de 'double' a 'const unsigned int'; posible pérdida de datos
C:\Users\Alvaro\source\repos\losdeSATArenCOREs\FaseII\pbPlots.cpp(4450,19): warning C4244: 'argumento': conversión de 'double' a 'const unsigned int'; posible pérdida de datos
C:\Users\Alvaro\source\repos\losdeSATArenCOREs\FaseII\pbPlots.cpp(4464,16): warning C4244: 'argumento': conversión de 'double' a 'const unsigned int'; posible pérdida de datos
C:\Users\Alvaro\source\repos\losdeSATArenCOREs\FaseII\pbPlots.cpp(4464,48): warning C4244: 'argumento': conversión de 'double' a 'const unsigned int'; posible pérdida de datos
C:\Users\Alvaro\source\repos\losdeSATArenCOREs\FaseII\pbPlots.cpp(4471,16): warning C4244: 'argumento': conversión de 'double' a 'const unsigned int'; posible pérdida de datos
C:\Users\Alvaro\source\repos\losdeSATArenCOREs\FaseII\pbPlots.cpp(4471,48): warning C4244: 'argumento': conversión de 'double' a 'const unsigned int'; posible pérdida de datos
C:\Users\Alvaro\source\repos\losdeSATArenCOREs\FaseII\pbPlots.cpp(4481,32): warning C4244: 'argumento': conversión de 'double' a 'const unsigned int'; posible pérdida de datos
C:\Users\Alvaro\source\repos\losdeSATArenCOREs\FaseII\pbPlots.cpp(4481,61): warning C4244: 'argumento': conversión de 'double' a 'const unsigned int'; posible pérdida de datos
C:\Users\Alvaro\source\repos\losdeSATArenCOREs\FaseII\pbPlots.cpp(4498,33): warning C4244: 'argumento': conversión de 'double' a 'const unsigned int'; posible pérdida de datos
C:\Users\Alvaro\source\repos\losdeSATArenCOREs\FaseII\pbPlots.cpp(4510,56): warning C4244: 'argumento': conversión de 'double' a 'const unsigned int'; posible pérdida de datos
C:\Users\Alvaro\source\repos\losdeSATArenCOREs\FaseII\pbPlots.cpp(4521,33): warning C4244: 'argumento': conversión de 'double' a 'const unsigned int'; posible pérdida de datos
C:\Users\Alvaro\source\repos\losdeSATArenCOREs\FaseII\pbPlots.cpp(4524,19): warning C4244: 'argumento': conversión de 'double' a 'const unsigned int'; posible pérdida de datos
C:\Users\Alvaro\source\repos\losdeSATArenCOREs\FaseII\pbPlots.cpp(4527,56): warning C4244: 'argumento': conversión de 'double' a 'const unsigned int'; posible pérdida de datos
C:\Users\Alvaro\source\repos\losdeSATArenCOREs\FaseII\pbPlots.cpp(4542,36): warning C4244: 'argumento': conversión de 'double' a 'const unsigned int'; posible pérdida de datos
C:\Users\Alvaro\source\repos\losdeSATArenCOREs\FaseII\pbPlots.cpp(4553,36): warning C4244: 'argumento': conversión de 'double' a 'const unsigned int'; posible pérdida de datos
C:\Users\Alvaro\source\repos\losdeSATArenCOREs\FaseII\pbPlots.cpp(4563,35): warning C4244: 'argumento': conversión de 'double' a 'const unsigned int'; posible pérdida de datos
C:\Users\Alvaro\source\repos\losdeSATArenCOREs\FaseII\pbPlots.cpp(4595,41): warning C4244: 'argumento': conversión de 'double' a 'const unsigned int'; posible pérdida de datos
C:\Users\Alvaro\source\repos\losdeSATArenCOREs\FaseII\pbPlots.cpp(4597,31): warning C4244: 'argumento': conversión de 'double' a 'const unsigned int'; posible pérdida de datos
C:\Users\Alvaro\source\repos\losdeSATArenCOREs\FaseII\pbPlots.cpp(4599,21): warning C4244: 'argumento': conversión de 'double' a 'const unsigned int'; posible pérdida de datos
C:\Users\Alvaro\source\repos\losdeSATArenCOREs\FaseII\pbPlots.cpp(4605,35): warning C4244: 'argumento': conversión de 'double' a 'const unsigned int'; posible pérdida de datos
C:\Users\Alvaro\source\repos\losdeSATArenCOREs\FaseII\pbPlots.cpp(4631,16): warning C4244: 'argumento': conversión de 'double' a 'const unsigned int'; posible pérdida de datos
C:\Users\Alvaro\source\repos\losdeSATArenCOREs\FaseII\pbPlots.cpp(4631,28): warning C4244: 'argumento': conversión de 'double' a 'const unsigned int'; posible pérdida de datos
C:\Users\Alvaro\source\repos\losdeSATArenCOREs\FaseII\pbPlots.cpp(4634,38): warning C4244: 'argumento': conversión de 'double' a 'const unsigned int'; posible pérdida de datos
C:\Users\Alvaro\source\repos\losdeSATArenCOREs\FaseII\pbPlots.cpp(4634,48): warning C4244: 'argumento': conversión de 'double' a 'const unsigned int'; posible pérdida de datos
C:\Users\Alvaro\source\repos\losdeSATArenCOREs\FaseII\pbPlots.cpp(4637,38): warning C4244: 'argumento': conversión de 'double' a 'const unsigned int'; posible pérdida de datos
C:\Users\Alvaro\source\repos\losdeSATArenCOREs\FaseII\pbPlots.cpp(4637,48): warning C4244: 'argumento': conversión de 'double' a 'const unsigned int'; posible pérdida de datos
C:\Users\Alvaro\source\repos\losdeSATArenCOREs\FaseII\pbPlots.cpp(4655,27): warning C4244: 'argumento': conversión de 'double' a 'const unsigned int'; posible pérdida de datos
C:\Users\Alvaro\source\repos\losdeSATArenCOREs\FaseII\pbPlots.cpp(4658,11): warning C4244: 'argumento': conversión de 'double' a 'const unsigned int'; posible pérdida de datos
C:\Users\Alvaro\source\repos\losdeSATArenCOREs\FaseII\pbPlots.cpp(4686,27): warning C4244: 'argumento': conversión de 'double' a 'const unsigned int'; posible pérdida de datos
C:\Users\Alvaro\source\repos\losdeSATArenCOREs\FaseII\pbPlots.cpp(4703,20): warning C4244: 'argumento': conversión de 'double' a 'const unsigned int'; posible pérdida de datos
C:\Users\Alvaro\source\repos\losdeSATArenCOREs\FaseII\pbPlots.cpp(4707,20): warning C4244: 'argumento': conversión de 'double' a 'const unsigned int'; posible pérdida de datos
C:\Users\Alvaro\source\repos\losdeSATArenCOREs\FaseII\pbPlots.cpp(4709,20): warning C4244: 'argumento': conversión de 'double' a 'const unsigned int'; posible pérdida de datos
C:\Users\Alvaro\source\repos\losdeSATArenCOREs\FaseII\pbPlots.cpp(4713,20): warning C4244: 'argumento': conversión de 'double' a 'const unsigned int'; posible pérdida de datos
C:\Users\Alvaro\source\repos\losdeSATArenCOREs\FaseII\pbPlots.cpp(4715,20): warning C4244: 'argumento': conversión de 'double' a 'const unsigned int'; posible pérdida de datos
C:\Users\Alvaro\source\repos\losdeSATArenCOREs\FaseII\pbPlots.cpp(4717,20): warning C4244: 'argumento': conversión de 'double' a 'const unsigned int'; posible pérdida de datos
C:\Users\Alvaro\source\repos\losdeSATArenCOREs\FaseII\pbPlots.cpp(4719,20): warning C4244: 'argumento': conversión de 'double' a 'const unsigned int'; posible pérdida de datos
C:\Users\Alvaro\source\repos\losdeSATArenCOREs\FaseII\pbPlots.cpp(4723,20): warning C4244: 'argumento': conversión de 'double' a 'const unsigned int'; posible pérdida de datos
C:\Users\Alvaro\source\repos\losdeSATArenCOREs\FaseII\pbPlots.cpp(4725,20): warning C4244: 'argumento': conversión de 'double' a 'const unsigned int'; posible pérdida de datos
C:\Users\Alvaro\source\repos\losdeSATArenCOREs\FaseII\pbPlots.cpp(4729,20): warning C4244: 'argumento': conversión de 'double' a 'const unsigned int'; posible pérdida de datos
C:\Users\Alvaro\source\repos\losdeSATArenCOREs\FaseII\pbPlots.cpp(4731,20): warning C4244: 'argumento': conversión de 'double' a 'const unsigned int'; posible pérdida de datos
C:\Users\Alvaro\source\repos\losdeSATArenCOREs\FaseII\pbPlots.cpp(4733,20): warning C4244: 'argumento': conversión de 'double' a 'const unsigned int'; posible pérdida de datos
C:\Users\Alvaro\source\repos\losdeSATArenCOREs\FaseII\pbPlots.cpp(4735,20): warning C4244: 'argumento': conversión de 'double' a 'const unsigned int'; posible pérdida de datos
C:\Users\Alvaro\source\repos\losdeSATArenCOREs\FaseII\pbPlots.cpp(4742,16): warning C4244: 'argumento': conversión de 'double' a 'const unsigned int'; posible pérdida de datos
C:\Users\Alvaro\source\repos\losdeSATArenCOREs\FaseII\pbPlots.cpp(4750,34): warning C4244: 'argumento': conversión de 'double' a 'const unsigned int'; posible pérdida de datos
C:\Users\Alvaro\source\repos\losdeSATArenCOREs\FaseII\pbPlots.cpp(4761,18): warning C4244: 'argumento': conversión de 'double' a 'const unsigned int'; posible pérdida de datos
C:\Users\Alvaro\source\repos\losdeSATArenCOREs\FaseII\pbPlots.cpp(4770,44): warning C4244: 'argumento': conversión de 'double' a 'const unsigned int'; posible pérdida de datos
C:\Users\Alvaro\source\repos\losdeSATArenCOREs\FaseII\pbPlots.cpp(4771,34): warning C4244: 'argumento': conversión de 'double' a 'const unsigned int'; posible pérdida de datos
C:\Users\Alvaro\source\repos\losdeSATArenCOREs\FaseII\pbPlots.cpp(4791,33): warning C4244: 'argumento': conversión de 'double' a 'const unsigned int'; posible pérdida de datos
C:\Users\Alvaro\source\repos\losdeSATArenCOREs\FaseII\pbPlots.cpp(4794,17): warning C4244: 'argumento': conversión de 'double' a 'const unsigned int'; posible pérdida de datos
C:\Users\Alvaro\source\repos\losdeSATArenCOREs\FaseII\pbPlots.cpp(4794,36): warning C4244: 'argumento': conversión de 'double' a 'const unsigned int'; posible pérdida de datos
C:\Users\Alvaro\source\repos\losdeSATArenCOREs\FaseII\pbPlots.cpp(4831,46): warning C4244: 'argumento': conversión de 'double' a 'const unsigned int'; posible pérdida de datos
C:\Users\Alvaro\source\repos\losdeSATArenCOREs\FaseII\pbPlots.cpp(4833,17): warning C4244: 'argumento': conversión de 'double' a 'const unsigned int'; posible pérdida de datos
C:\Users\Alvaro\source\repos\losdeSATArenCOREs\FaseII\pbPlots.cpp(4833,31): warning C4244: 'argumento': conversión de 'double' a 'const unsigned int'; posible pérdida de datos
C:\Users\Alvaro\source\repos\losdeSATArenCOREs\FaseII\pbPlots.cpp(4848,46): warning C4244: 'argumento': conversión de 'double' a 'const unsigned int'; posible pérdida de datos
C:\Users\Alvaro\source\repos\losdeSATArenCOREs\FaseII\pbPlots.cpp(4853,21): warning C4244: 'argumento': conversión de 'double' a 'const unsigned int'; posible pérdida de datos
C:\Users\Alvaro\source\repos\losdeSATArenCOREs\FaseII\pbPlots.cpp(4853,35): warning C4244: 'argumento': conversión de 'double' a 'const unsigned int'; posible pérdida de datos
C:\Users\Alvaro\source\repos\losdeSATArenCOREs\FaseII\pbPlots.cpp(4856,23): warning C4244: 'argumento': conversión de 'double' a 'const unsigned int'; posible pérdida de datos
C:\Users\Alvaro\source\repos\losdeSATArenCOREs\FaseII\pbPlots.cpp(4856,41): warning C4244: 'argumento': conversión de 'double' a 'const unsigned int'; posible pérdida de datos
C:\Users\Alvaro\source\repos\losdeSATArenCOREs\FaseII\pbPlots.cpp(4868,32): warning C4244: 'argumento': conversión de 'double' a 'const unsigned int'; posible pérdida de datos
C:\Users\Alvaro\source\repos\losdeSATArenCOREs\FaseII\pbPlots.cpp(4877,56): warning C4244: 'argumento': conversión de 'double' a 'const unsigned int'; posible pérdida de datos
C:\Users\Alvaro\source\repos\losdeSATArenCOREs\FaseII\pbPlots.cpp(4880,17): warning C4244: 'argumento': conversión de 'double' a 'const unsigned int'; posible pérdida de datos
C:\Users\Alvaro\source\repos\losdeSATArenCOREs\FaseII\pbPlots.cpp(4880,31): warning C4244: 'argumento': conversión de 'double' a 'const unsigned int'; posible pérdida de datos
C:\Users\Alvaro\source\repos\losdeSATArenCOREs\FaseII\pbPlots.cpp(4895,56): warning C4244: 'argumento': conversión de 'double' a 'const unsigned int'; posible pérdida de datos
C:\Users\Alvaro\source\repos\losdeSATArenCOREs\FaseII\pbPlots.cpp(4900,21): warning C4244: 'argumento': conversión de 'double' a 'const unsigned int'; posible pérdida de datos
C:\Users\Alvaro\source\repos\losdeSATArenCOREs\FaseII\pbPlots.cpp(4900,35): warning C4244: 'argumento': conversión de 'double' a 'const unsigned int'; posible pérdida de datos
C:\Users\Alvaro\source\repos\losdeSATArenCOREs\FaseII\pbPlots.cpp(4903,23): warning C4244: 'argumento': conversión de 'double' a 'const unsigned int'; posible pérdida de datos
C:\Users\Alvaro\source\repos\losdeSATArenCOREs\FaseII\pbPlots.cpp(4903,41): warning C4244: 'argumento': conversión de 'double' a 'const unsigned int'; posible pérdida de datos
C:\Users\Alvaro\source\repos\losdeSATArenCOREs\FaseII\pbPlots.cpp(4915,32): warning C4244: 'argumento': conversión de 'double' a 'const unsigned int'; posible pérdida de datos
C:\Users\Alvaro\source\repos\losdeSATArenCOREs\FaseII\pbPlots.cpp(4924,44): warning C4244: 'argumento': conversión de 'double' a 'unsigned int'; posible pérdida de datos
C:\Users\Alvaro\source\repos\losdeSATArenCOREs\FaseII\pbPlots.cpp(4926,17): warning C4244: 'argumento': conversión de 'double' a 'unsigned int'; posible pérdida de datos
C:\Users\Alvaro\source\repos\losdeSATArenCOREs\FaseII\pbPlots.cpp(4926,31): warning C4244: 'argumento': conversión de 'double' a 'unsigned int'; posible pérdida de datos
C:\Users\Alvaro\source\repos\losdeSATArenCOREs\FaseII\pbPlots.cpp(4941,44): warning C4244: 'argumento': conversión de 'double' a 'unsigned int'; posible pérdida de datos
C:\Users\Alvaro\source\repos\losdeSATArenCOREs\FaseII\pbPlots.cpp(4946,21): warning C4244: 'argumento': conversión de 'double' a 'unsigned int'; posible pérdida de datos
C:\Users\Alvaro\source\repos\losdeSATArenCOREs\FaseII\pbPlots.cpp(4946,35): warning C4244: 'argumento': conversión de 'double' a 'unsigned int'; posible pérdida de datos
C:\Users\Alvaro\source\repos\losdeSATArenCOREs\FaseII\pbPlots.cpp(4949,23): warning C4244: 'argumento': conversión de 'double' a 'unsigned int'; posible pérdida de datos
C:\Users\Alvaro\source\repos\losdeSATArenCOREs\FaseII\pbPlots.cpp(4949,41): warning C4244: 'argumento': conversión de 'double' a 'unsigned int'; posible pérdida de datos
C:\Users\Alvaro\source\repos\losdeSATArenCOREs\FaseII\pbPlots.cpp(4961,33): warning C4244: 'argumento': conversión de 'double' a 'unsigned int'; posible pérdida de datos
C:\Users\Alvaro\source\repos\losdeSATArenCOREs\FaseII\pbPlots.cpp(4992,41): warning C4244: 'argumento': conversión de 'double' a 'const unsigned int'; posible pérdida de datos
C:\Users\Alvaro\source\repos\losdeSATArenCOREs\FaseII\pbPlots.cpp(4995,15): warning C4244: 'argumento': conversión de 'double' a 'const unsigned int'; posible pérdida de datos
C:\Users\Alvaro\source\repos\losdeSATArenCOREs\FaseII\pbPlots.cpp(4996,15): warning C4244: 'argumento': conversión de 'double' a 'const unsigned int'; posible pérdida de datos
C:\Users\Alvaro\source\repos\losdeSATArenCOREs\FaseII\pbPlots.cpp(5042,41): warning C4244: 'argumento': conversión de 'double' a 'const unsigned int'; posible pérdida de datos
C:\Users\Alvaro\source\repos\losdeSATArenCOREs\FaseII\pbPlots.cpp(5044,13): warning C4244: 'argumento': conversión de 'double' a 'const unsigned int'; posible pérdida de datos
C:\Users\Alvaro\source\repos\losdeSATArenCOREs\FaseII\pbPlots.cpp(5150,35): warning C4244: 'argumento': conversión de 'double' a 'const unsigned int'; posible pérdida de datos
C:\Users\Alvaro\source\repos\losdeSATArenCOREs\FaseII\pbPlots.cpp(5163,31): warning C4244: 'argumento': conversión de 'double' a 'const unsigned int'; posible pérdida de datos
C:\Users\Alvaro\source\repos\losdeSATArenCOREs\FaseII\pbPlots.cpp(5166,15): warning C4244: 'argumento': conversión de 'double' a 'const unsigned int'; posible pérdida de datos
C:\Users\Alvaro\source\repos\losdeSATArenCOREs\FaseII\pbPlots.cpp(5179,39): warning C4244: 'argumento': conversión de 'double' a 'const unsigned int'; posible pérdida de datos
C:\Users\Alvaro\source\repos\losdeSATArenCOREs\FaseII\pbPlots.cpp(5236,32): warning C4244: 'argumento': conversión de 'double' a 'const unsigned int'; posible pérdida de datos
C:\Users\Alvaro\source\repos\losdeSATArenCOREs\FaseII\pbPlots.cpp(5239,15): warning C4244: 'argumento': conversión de 'double' a 'const unsigned int'; posible pérdida de datos
C:\Users\Alvaro\source\repos\losdeSATArenCOREs\FaseII\pbPlots.cpp(5275,35): warning C4244: 'argumento': conversión de 'double' a 'const unsigned int'; posible pérdida de datos
C:\Users\Alvaro\source\repos\losdeSATArenCOREs\FaseII\pbPlots.cpp(5284,35): warning C4244: 'argumento': conversión de 'double' a 'const unsigned int'; posible pérdida de datos
C:\Users\Alvaro\source\repos\losdeSATArenCOREs\FaseII\pbPlots.cpp(5294,19): warning C4244: 'argumento': conversión de 'double' a 'const unsigned int'; posible pérdida de datos
C:\Users\Alvaro\source\repos\losdeSATArenCOREs\FaseII\pbPlots.cpp(5302,34): warning C4244: 'argumento': conversión de 'double' a 'const unsigned int'; posible pérdida de datos
C:\Users\Alvaro\source\repos\losdeSATArenCOREs\FaseII\pbPlots.cpp(5305,18): warning C4244: 'argumento': conversión de 'double' a 'const unsigned int'; posible pérdida de datos
C:\Users\Alvaro\source\repos\losdeSATArenCOREs\FaseII\pbPlots.cpp(5305,37): warning C4244: 'argumento': conversión de 'double' a 'const unsigned int'; posible pérdida de datos
C:\Users\Alvaro\source\repos\losdeSATArenCOREs\FaseII\pbPlots.cpp(5328,34): warning C4244: 'argumento': conversión de 'double' a 'const unsigned int'; posible pérdida de datos
C:\Users\Alvaro\source\repos\losdeSATArenCOREs\FaseII\pbPlots.cpp(5331,18): warning C4244: 'argumento': conversión de 'double' a 'const unsigned int'; posible pérdida de datos
C:\Users\Alvaro\source\repos\losdeSATArenCOREs\FaseII\pbPlots.cpp(5331,37): warning C4244: 'argumento': conversión de 'double' a 'const unsigned int'; posible pérdida de datos
C:\Users\Alvaro\source\repos\losdeSATArenCOREs\FaseII\pbPlots.cpp(5339,24): warning C4244: 'argumento': conversión de 'double' a 'const unsigned int'; posible pérdida de datos
C:\Users\Alvaro\source\repos\losdeSATArenCOREs\FaseII\pbPlots.cpp(5352,19): warning C4244: 'argumento': conversión de 'double' a 'const unsigned int'; posible pérdida de datos
C:\Users\Alvaro\source\repos\losdeSATArenCOREs\FaseII\pbPlots.cpp(5352,40): warning C4244: 'argumento': conversión de 'double' a 'const unsigned int'; posible pérdida de datos
C:\Users\Alvaro\source\repos\losdeSATArenCOREs\FaseII\pbPlots.cpp(5355,17): warning C4244: 'argumento': conversión de 'double' a 'const unsigned int'; posible pérdida de datos
C:\Users\Alvaro\source\repos\losdeSATArenCOREs\FaseII\pbPlots.cpp(5360,17): warning C4244: 'argumento': conversión de 'double' a 'const unsigned int'; posible pérdida de datos
C:\Users\Alvaro\source\repos\losdeSATArenCOREs\FaseII\pbPlots.cpp(5366,19): warning C4244: 'argumento': conversión de 'double' a 'const unsigned int'; posible pérdida de datos
C:\Users\Alvaro\source\repos\losdeSATArenCOREs\FaseII\pbPlots.cpp(5366,40): warning C4244: 'argumento': conversión de 'double' a 'const unsigned int'; posible pérdida de datos
C:\Users\Alvaro\source\repos\losdeSATArenCOREs\FaseII\pbPlots.cpp(5383,33): warning C4244: 'argumento': conversión de 'double' a 'const unsigned int'; posible pérdida de datos
C:\Users\Alvaro\source\repos\losdeSATArenCOREs\FaseII\pbPlots.cpp(5386,15): warning C4244: 'argumento': conversión de 'double' a 'const unsigned int'; posible pérdida de datos
C:\Users\Alvaro\source\repos\losdeSATArenCOREs\FaseII\pbPlots.cpp(5386,34): warning C4244: 'argumento': conversión de 'double' a 'const unsigned int'; posible pérdida de datos
C:\Users\Alvaro\source\repos\losdeSATArenCOREs\FaseII\pbPlots.cpp(5412,19): warning C4244: 'argumento': conversión de 'double' a 'const unsigned int'; posible pérdida de datos
C:\Users\Alvaro\source\repos\losdeSATArenCOREs\FaseII\pbPlots.cpp(5412,34): warning C4244: 'argumento': conversión de 'double' a 'const unsigned int'; posible pérdida de datos
C:\Users\Alvaro\source\repos\losdeSATArenCOREs\FaseII\pbPlots.cpp(5433,23): warning C4244: 'argumento': conversión de 'double' a 'const unsigned int'; posible pérdida de datos
C:\Users\Alvaro\source\repos\losdeSATArenCOREs\FaseII\pbPlots.cpp(5433,42): warning C4244: 'argumento': conversión de 'double' a 'const unsigned int'; posible pérdida de datos
C:\Users\Alvaro\source\repos\losdeSATArenCOREs\FaseII\pbPlots.cpp(5450,43): warning C4244: 'argumento': conversión de 'double' a 'const unsigned int'; posible pérdida de datos
C:\Users\Alvaro\source\repos\losdeSATArenCOREs\FaseII\pbPlots.cpp(5465,37): warning C4244: 'argumento': conversión de 'double' a 'const unsigned int'; posible pérdida de datos
C:\Users\Alvaro\source\repos\losdeSATArenCOREs\FaseII\pbPlots.cpp(5468,19): warning C4244: 'argumento': conversión de 'double' a 'const unsigned int'; posible pérdida de datos
C:\Users\Alvaro\source\repos\losdeSATArenCOREs\FaseII\pbPlots.cpp(5478,47): warning C4244: 'argumento': conversión de 'double' a 'const unsigned int'; posible pérdida de datos
C:\Users\Alvaro\source\repos\losdeSATArenCOREs\FaseII\pbPlots.cpp(5480,17): warning C4244: 'argumento': conversión de 'double' a 'const unsigned int'; posible pérdida de datos
C:\Users\Alvaro\source\repos\losdeSATArenCOREs\FaseII\pbPlots.cpp(5480,31): warning C4244: 'argumento': conversión de 'double' a 'const unsigned int'; posible pérdida de datos
C:\Users\Alvaro\source\repos\losdeSATArenCOREs\FaseII\pbPlots.cpp(5495,47): warning C4244: 'argumento': conversión de 'double' a 'const unsigned int'; posible pérdida de datos
C:\Users\Alvaro\source\repos\losdeSATArenCOREs\FaseII\pbPlots.cpp(5500,21): warning C4244: 'argumento': conversión de 'double' a 'const unsigned int'; posible pérdida de datos
C:\Users\Alvaro\source\repos\losdeSATArenCOREs\FaseII\pbPlots.cpp(5500,35): warning C4244: 'argumento': conversión de 'double' a 'const unsigned int'; posible pérdida de datos
C:\Users\Alvaro\source\repos\losdeSATArenCOREs\FaseII\pbPlots.cpp(5503,23): warning C4244: 'argumento': conversión de 'double' a 'const unsigned int'; posible pérdida de datos
C:\Users\Alvaro\source\repos\losdeSATArenCOREs\FaseII\pbPlots.cpp(5503,41): warning C4244: 'argumento': conversión de 'double' a 'const unsigned int'; posible pérdida de datos
C:\Users\Alvaro\source\repos\losdeSATArenCOREs\FaseII\pbPlots.cpp(5515,27): warning C4244: 'argumento': conversión de 'double' a 'const unsigned int'; posible pérdida de datos
C:\Users\Alvaro\source\repos\losdeSATArenCOREs\FaseII\pbPlots.cpp(6130,16): warning C4244: 'argumento': conversión de 'double' a 'const unsigned int'; posible pérdida de datos
C:\Users\Alvaro\source\repos\losdeSATArenCOREs\FaseII\pbPlots.cpp(6155,34): warning C4244: 'argumento': conversión de 'double' a 'const unsigned int'; posible pérdida de datos
C:\Users\Alvaro\source\repos\losdeSATArenCOREs\FaseII\pbPlots.cpp(6144,18): warning C4101: 'i': variable local sin referencia
C:\Users\Alvaro\source\repos\losdeSATArenCOREs\FaseII\pbPlots.cpp(6172,16): warning C4244: 'argumento': conversión de 'double' a 'const unsigned int'; posible pérdida de datos
C:\Users\Alvaro\source\repos\losdeSATArenCOREs\FaseII\pbPlots.cpp(6194,27): warning C4244: 'argumento': conversión de 'double' a 'const unsigned int'; posible pérdida de datos
C:\Users\Alvaro\source\repos\losdeSATArenCOREs\FaseII\pbPlots.cpp(6223,35): warning C4244: 'argumento': conversión de 'double' a 'const unsigned int'; posible pérdida de datos
C:\Users\Alvaro\source\repos\losdeSATArenCOREs\FaseII\pbPlots.cpp(6243,44): warning C4244: 'argumento': conversión de 'double' a 'const unsigned int'; posible pérdida de datos
C:\Users\Alvaro\source\repos\losdeSATArenCOREs\FaseII\pbPlots.cpp(6292,23): warning C4244: 'argumento': conversión de 'double' a 'const unsigned int'; posible pérdida de datos
C:\Users\Alvaro\source\repos\losdeSATArenCOREs\FaseII\pbPlots.cpp(6292,44): warning C4244: 'argumento': conversión de 'double' a 'const unsigned int'; posible pérdida de datos
C:\Users\Alvaro\source\repos\losdeSATArenCOREs\FaseII\pbPlots.cpp(6320,34): warning C4244: 'argumento': conversión de 'double' a 'const unsigned int'; posible pérdida de datos
C:\Users\Alvaro\source\repos\losdeSATArenCOREs\FaseII\pbPlots.cpp(6323,15): warning C4244: 'argumento': conversión de 'double' a 'const unsigned int'; posible pérdida de datos
C:\Users\Alvaro\source\repos\losdeSATArenCOREs\FaseII\pbPlots.cpp(6352,53): warning C4244: 'argumento': conversión de 'double' a 'const unsigned int'; posible pérdida de datos
C:\Users\Alvaro\source\repos\losdeSATArenCOREs\FaseII\pbPlots.cpp(6365,55): warning C4244: 'argumento': conversión de 'double' a 'const unsigned int'; posible pérdida de datos
C:\Users\Alvaro\source\repos\losdeSATArenCOREs\FaseII\pbPlots.cpp(6388,44): warning C4244: 'argumento': conversión de 'double' a 'const unsigned int'; posible pérdida de datos
C:\Users\Alvaro\source\repos\losdeSATArenCOREs\FaseII\pbPlots.cpp(6480,44): warning C4244: 'argumento': conversión de 'double' a 'const unsigned int'; posible pérdida de datos
C:\Users\Alvaro\source\repos\losdeSATArenCOREs\FaseII\pbPlots.cpp(6493,17): warning C4244: 'argumento': conversión de 'double' a 'const unsigned int'; posible pérdida de datos
C:\Users\Alvaro\source\repos\losdeSATArenCOREs\FaseII\pbPlots.cpp(6493,46): warning C4244: 'argumento': conversión de 'double' a 'const unsigned int'; posible pérdida de datos
C:\Users\Alvaro\source\repos\losdeSATArenCOREs\FaseII\pbPlots.cpp(6502,17): warning C4244: 'argumento': conversión de 'double' a 'const unsigned int'; posible pérdida de datos
C:\Users\Alvaro\source\repos\losdeSATArenCOREs\FaseII\pbPlots.cpp(6502,46): warning C4244: 'argumento': conversión de 'double' a 'const unsigned int'; posible pérdida de datos
C:\Users\Alvaro\source\repos\losdeSATArenCOREs\FaseII\pbPlots.cpp(6523,17): warning C4244: 'argumento': conversión de 'double' a 'const unsigned int'; posible pérdida de datos
C:\Users\Alvaro\source\repos\losdeSATArenCOREs\FaseII\pbPlots.cpp(6523,46): warning C4244: 'argumento': conversión de 'double' a 'const unsigned int'; posible pérdida de datos
C:\Users\Alvaro\source\repos\losdeSATArenCOREs\FaseII\pbPlots.cpp(6537,17): warning C4244: 'argumento': conversión de 'double' a 'const unsigned int'; posible pérdida de datos
C:\Users\Alvaro\source\repos\losdeSATArenCOREs\FaseII\pbPlots.cpp(6537,46): warning C4244: 'argumento': conversión de 'double' a 'const unsigned int'; posible pérdida de datos
  supportLib.cpp
C:\Users\Alvaro\source\repos\losdeSATArenCOREs\FaseII\supportLib.cpp(12,20): warning C4244: '=': conversión de '_Ty' a 'unsigned char'; posible pérdida de datos
          with
          [
              _Ty=double
          ]
  FaseII.cpp
C:\Users\Alvaro\source\repos\losdeSATArenCOREs\FaseII\FaseII.cpp(241,13): error C3927: "->": no se admite el tipo de valor devuelto final después de un declarador que no es de función
C:\Users\Alvaro\source\repos\losdeSATArenCOREs\FaseII\FaseII.cpp(241,22): error C3613: falta el tipo de devolución después de '->' (se presupone 'int')
C:\Users\Alvaro\source\repos\losdeSATArenCOREs\FaseII\FaseII.cpp(241,22): error C4430: falta el especificador de tipo; se presupone int. Nota: C++ no admite default-int
C:\Users\Alvaro\source\repos\losdeSATArenCOREs\FaseII\FaseII.cpp(241,15): error C2146: error de sintaxis: falta ';' delante del identificador 'yLabel'
C:\Users\Alvaro\source\repos\losdeSATArenCOREs\FaseII\FaseII.cpp(242,13): error C3927: "->": no se admite el tipo de valor devuelto final después de un declarador que no es de función
C:\Users\Alvaro\source\repos\losdeSATArenCOREs\FaseII\FaseII.cpp(242,32): error C3613: falta el tipo de devolución después de '->' (se presupone 'int')
C:\Users\Alvaro\source\repos\losdeSATArenCOREs\FaseII\FaseII.cpp(242,32): error C4430: falta el especificador de tipo; se presupone int. Nota: C++ no admite default-int
C:\Users\Alvaro\source\repos\losdeSATArenCOREs\FaseII\FaseII.cpp(242,5): error C2086: 'int settings': nueva definición
C:\Users\Alvaro\source\repos\losdeSATArenCOREs\FaseII\FaseII.cpp(241): message : vea la declaración de 'settings'
C:\Users\Alvaro\source\repos\losdeSATArenCOREs\FaseII\FaseII.cpp(242,15): error C2146: error de sintaxis: falta ';' delante del identificador 'scatterPlotSeries'
C:\Users\Alvaro\source\repos\losdeSATArenCOREs\FaseII\FaseII.cpp(243,13): error C3927: "->": no se admite el tipo de valor devuelto final después de un declarador que no es de función
C:\Users\Alvaro\source\repos\losdeSATArenCOREs\FaseII\FaseII.cpp(243,32): error C3613: falta el tipo de devolución después de '->' (se presupone 'int')
C:\Users\Alvaro\source\repos\losdeSATArenCOREs\FaseII\FaseII.cpp(243,32): error C4430: falta el especificador de tipo; se presupone int. Nota: C++ no admite default-int
C:\Users\Alvaro\source\repos\losdeSATArenCOREs\FaseII\FaseII.cpp(243,5): error C2086: 'int settings': nueva definición
C:\Users\Alvaro\source\repos\losdeSATArenCOREs\FaseII\FaseII.cpp(241): message : vea la declaración de 'settings'
C:\Users\Alvaro\source\repos\losdeSATArenCOREs\FaseII\FaseII.cpp(243,15): error C2146: error de sintaxis: falta ';' delante del identificador 'scatterPlotSeries'
C:\Users\Alvaro\source\repos\losdeSATArenCOREs\FaseII\FaseII.cpp(245,33): error C2065: 'img': identificador no declarado
C:\Users\Alvaro\source\repos\losdeSATArenCOREs\FaseII\FaseII.cpp(245,46): error C4430: falta el especificador de tipo; se presupone int. Nota: C++ no admite default-int
C:\Users\Alvaro\source\repos\losdeSATArenCOREs\FaseII\FaseII.cpp(245,47): error C2440: 'inicializando': no se puede realizar la conversión de 'initializer list' a 'int'
C:\Users\Alvaro\source\repos\losdeSATArenCOREs\FaseII\FaseII.cpp(245,32): message : El inicializador contiene demasiados elementos
C:\Users\Alvaro\source\repos\losdeSATArenCOREs\FaseII\FaseII.cpp(247,11): error C2143: error de sintaxis: falta ';' delante de '<'
C:\Users\Alvaro\source\repos\losdeSATArenCOREs\FaseII\FaseII.cpp(247,11): error C4430: falta el especificador de tipo; se presupone int. Nota: C++ no admite default-int
C:\Users\Alvaro\source\repos\losdeSATArenCOREs\FaseII\FaseII.cpp(248,17): error C2065: 'pngdata': identificador no declarado
C:\Users\Alvaro\source\repos\losdeSATArenCOREs\FaseII\FaseII.cpp(248,40): error C4430: falta el especificador de tipo; se presupone int. Nota: C++ no admite default-int
C:\Users\Alvaro\source\repos\losdeSATArenCOREs\FaseII\FaseII.cpp(248,41): error C2440: 'inicializando': no se puede realizar la conversión de 'initializer list' a 'int'
C:\Users\Alvaro\source\repos\losdeSATArenCOREs\FaseII\FaseII.cpp(248,16): message : El inicializador contiene demasiados elementos
C:\Users\Alvaro\source\repos\losdeSATArenCOREs\FaseII\FaseII.cpp(249,17): error C2065: 'img': identificador no declarado
C:\Users\Alvaro\source\repos\losdeSATArenCOREs\FaseII\FaseII.cpp(249,27): error C4430: falta el especificador de tipo; se presupone int. Nota: C++ no admite default-int
C:\Users\Alvaro\source\repos\losdeSATArenCOREs\FaseII\FaseII.cpp(250,1): error C2059: error de sintaxis: '}'
C:\Users\Alvaro\source\repos\losdeSATArenCOREs\FaseII\FaseII.cpp(250,1): error C2143: error de sintaxis: falta ';' delante de '}'
C:\Users\Alvaro\source\repos\losdeSATArenCOREs\FaseII\FaseII.cpp(254,11): error C2143: error de sintaxis: falta ';' delante de '{'
C:\Users\Alvaro\source\repos\losdeSATArenCOREs\FaseII\FaseII.cpp(254,11): error C2447: '{': falta el encabezado de función (¿lista formal de estilo anterior?)
C:\Users\Alvaro\source\repos\losdeSATArenCOREs\FaseII\FaseII.cpp(315,1): warning C4138: '*/' se encontró fuera del comentario
C:\Users\Alvaro\source\repos\losdeSATArenCOREs\FaseII\FaseII.cpp(315,2): error C2059: error de sintaxis: '/'
  RegresionCpp.cpp
  RegresionSSE.cpp
  Regresionx86.cpp
  Generando código...
